#
# There is insufficient memory for the Java Runtime Environment to continue.
# Native memory allocation (mmap) failed to map 258998272 bytes for committing reserved memory.
# Possible reasons:
#   The system is out of physical RAM or swap space
#   In 32 bit mode, the process size limit was hit
# Possible solutions:
#   Reduce memory load on the system
#   Increase physical memory or swap space
#   Check if swap backing store is full
#   Use 64 bit Java on a 64 bit OS
#   Decrease Java heap size (-Xmx/-Xms)
#   Decrease number of Java threads
#   Decrease Java thread stack sizes (-Xss)
#   Set larger code cache with -XX:ReservedCodeCacheSize=
# This output file may be truncated or incomplete.
#
#  Out of Memory Error (os_linux.cpp:2627), pid=12196, tid=140132637660928
#
# JRE version: Java(TM) SE Runtime Environment (8.0_91-b14) (build 1.8.0_91-b14)
# Java VM: Java HotSpot(TM) 64-Bit Server VM (25.91-b14 mixed mode linux-amd64 compressed oops)
# Failed to write core dump. Core dumps have been disabled. To enable core dumping, try "ulimit -c unlimited" before starting Java again
#

---------------  T H R E A D  ---------------

Current thread (0x00007f733c078000):  VMThread [stack: 0x00007f732c06d000,0x00007f732c16e000] [id=12205]

Stack: [0x00007f732c06d000,0x00007f732c16e000],  sp=0x00007f732c16c360,  free space=1020k
Native frames: (J=compiled Java code, j=interpreted, Vv=VM code, C=native code)
V  [libjvm.so+0xabc18a]  VMError::report_and_die()+0x2ba
V  [libjvm.so+0x4fafeb]  report_vm_out_of_memory(char const*, int, unsigned long, VMErrorType, char const*)+0x8b
V  [libjvm.so+0x91cbb3]  os::Linux::commit_memory_impl(char*, unsigned long, bool)+0x103
V  [libjvm.so+0x91d109]  os::pd_commit_memory(char*, unsigned long, unsigned long, bool)+0x29
V  [libjvm.so+0x91740a]  os::commit_memory(char*, unsigned long, unsigned long, bool)+0x2a
V  [libjvm.so+0x98b033]  PSVirtualSpace::expand_by(unsigned long)+0x53
V  [libjvm.so+0x97b920]  PSOldGen::expand(unsigned long)+0x170
V  [libjvm.so+0x97bb2b]  PSOldGen::resize(unsigned long)+0x1cb
V  [libjvm.so+0x983801]  PSParallelCompact::invoke_no_policy(bool)+0x991
V  [libjvm.so+0x98915d]  PSScavenge::invoke()+0x1ad
V  [libjvm.so+0x9408b0]  ParallelScavengeHeap::failed_mem_allocate(unsigned long)+0x70
V  [libjvm.so+0xabdba7]  VM_ParallelGCFailedAllocation::doit()+0x97
V  [libjvm.so+0xac55d5]  VM_Operation::evaluate()+0x55
V  [libjvm.so+0xac39aa]  VMThread::evaluate_operation(VM_Operation*)+0xba
V  [libjvm.so+0xac3d2e]  VMThread::loop()+0x1ce
V  [libjvm.so+0xac41a0]  VMThread::run()+0x70
V  [libjvm.so+0x91ef78]  java_start(Thread*)+0x108

VM_Operation (0x00007f731879f5e0): ParallelGCFailedAllocation, mode: safepoint, requested by thread 0x00007f733c1fe800


---------------  P R O C E S S  ---------------

Java Threads: ( => current thread )
  0x00007f72d40c8800 JavaThread "TimerQueue" daemon [_thread_blocked, id=12228, stack(0x00007f72dbeff000,0x00007f72dc000000)]
  0x00007f72e407b800 JavaThread "AWT-EventQueue-0" [_thread_blocked, id=12226, stack(0x00007f73088d5000,0x00007f73089d6000)]
  0x00007f72e4079800 JavaThread "AWT-Shutdown" [_thread_blocked, id=12225, stack(0x00007f73089d6000,0x00007f7308ad7000)]
  0x00007f72e4071800 JavaThread "AWT-XAWT" daemon [_thread_blocked, id=12224, stack(0x00007f7308ad7000,0x00007f7308bd8000)]
  0x00007f72e4053000 JavaThread "Java2D Disposer" daemon [_thread_blocked, id=12223, stack(0x00007f7308fe8000,0x00007f73090e9000)]
  0x00007f733c00a000 JavaThread "DestroyJavaVM" [_thread_blocked, id=12200, stack(0x00007f73449b2000,0x00007f7344ab3000)]
  0x00007f733c1fe800 JavaThread "Thread-1" [_thread_blocked, id=12221, stack(0x00007f73186a0000,0x00007f73187a1000)]
  0x00007f733c0d2800 JavaThread "Service Thread" daemon [_thread_blocked, id=12212, stack(0x00007f7318ab9000,0x00007f7318bba000)]
  0x00007f733c0bd800 JavaThread "C1 CompilerThread2" daemon [_thread_blocked, id=12211, stack(0x00007f7318bba000,0x00007f7318cbb000)]
  0x00007f733c0bb800 JavaThread "C2 CompilerThread1" daemon [_thread_blocked, id=12210, stack(0x00007f7318cbb000,0x00007f7318dbc000)]
  0x00007f733c0b8800 JavaThread "C2 CompilerThread0" daemon [_thread_blocked, id=12209, stack(0x00007f7318dbc000,0x00007f7318ebd000)]
  0x00007f733c0b7000 JavaThread "Signal Dispatcher" daemon [_thread_blocked, id=12208, stack(0x00007f7318ebd000,0x00007f7318fbe000)]
  0x00007f733c084000 JavaThread "Finalizer" daemon [_thread_blocked, id=12207, stack(0x00007f7318fbe000,0x00007f73190bf000)]
  0x00007f733c07f800 JavaThread "Reference Handler" daemon [_thread_blocked, id=12206, stack(0x00007f73190bf000,0x00007f73191c0000)]

Other Threads:
=>0x00007f733c078000 VMThread [stack: 0x00007f732c06d000,0x00007f732c16e000] [id=12205]
  0x00007f733c0d5800 WatcherThread [stack: 0x00007f73189b8000,0x00007f7318ab9000] [id=12213]

VM state:at safepoint (normal execution)

VM Mutex/Monitor currently owned by a thread:  ([mutex/lock_event])
[0x00007f733c005bd0] ExpandHeap_lock - owner thread: 0x00007f733c078000
[0x00007f733c006250] Threads_lock - owner thread: 0x00007f733c078000
[0x00007f733c006750] Heap_lock - owner thread: 0x00007f733c1fe800

Heap:
 PSYoungGen      total 336896K, used 25421K [0x00000000e1300000, 0x0000000100000000, 0x0000000100000000)
  eden space 168960K, 0% used [0x00000000e1300000,0x00000000e1300000,0x00000000eb800000)
  from space 167936K, 15% used [0x00000000f5c00000,0x00000000f74d35a8,0x0000000100000000)
  to   space 167936K, 0% used [0x00000000eb800000,0x00000000eb800000,0x00000000f5c00000)
 ParOldGen       total 749568K, used 749142K [0x00000000a3800000, 0x00000000d1400000, 0x00000000e1300000)
  object space 749568K, 99% used [0x00000000a3800000,0x00000000d1395888,0x00000000d1400000)
 Metaspace       used 16336K, capacity 16642K, committed 16896K, reserved 1064960K
  class space    used 1920K, capacity 1988K, committed 2048K, reserved 1048576K

Card table byte_map: [0x00007f7341495000,0x00007f734177a000] byte_map_base: 0x00007f7340f79000

Marking Bits: (ParMarkBitMap*) 0x00007f7343e8fd60
 Begin Bits: [0x00007f73191c0000, 0x00007f731a8e0000)
 End Bits:   [0x00007f731a8e0000, 0x00007f731c000000)

Polling page: 0x00007f7344ad8000

CodeCache: size=245760Kb used=5609Kb max_used=5615Kb free=240150Kb
 bounds [0x00007f732d000000, 0x00007f732d590000, 0x00007f733c000000]
 total_blobs=2162 nmethods=1565 adapters=510
 compilation: enabled

Compilation events (10 events):
Event: 44,464 Thread 0x00007f733c0bd800 1676       3       sun.java2d.SurfaceData::pixelFor (13 bytes)
Event: 44,464 Thread 0x00007f733c0bd800 nmethod 1676 0x00007f732d2fd250 code [0x00007f732d2fd3c0, 0x00007f732d2fd6c8]
Event: 44,464 Thread 0x00007f733c0bd800 1677       3       sun.java2d.loops.SurfaceType::pixelFor (10 bytes)
Event: 44,465 Thread 0x00007f733c0bd800 nmethod 1677 0x00007f732d1aac50 code [0x00007f732d1aadc0, 0x00007f732d1aafe8]
Event: 44,796 Thread 0x00007f733c0bd800 1678       3       sun.java2d.xr.GrowableIntArray::getSize (10 bytes)
Event: 44,796 Thread 0x00007f733c0bd800 nmethod 1678 0x00007f732d1aa810 code [0x00007f732d1aa980, 0x00007f732d1aaaf0]
Event: 44,796 Thread 0x00007f733c0bd800 1679       1       java.awt.color.ColorSpace::getType (5 bytes)
Event: 44,796 Thread 0x00007f733c0bd800 nmethod 1679 0x00007f732d56f250 code [0x00007f732d56f3a0, 0x00007f732d56f4b0]
Event: 44,796 Thread 0x00007f733c0bd800 1680       3       sun.awt.image.PixelConverter$Xrgb::rgbToPixel (2 bytes)
Event: 44,796 Thread 0x00007f733c0bd800 nmethod 1680 0x00007f732d344cd0 code [0x00007f732d344e20, 0x00007f732d344f70]

GC Heap History (10 events):
Event: 57,885 GC heap after
Heap after GC invocations=27 (full 6):
 PSYoungGen      total 339456K, used 108704K [0x00000000e1300000, 0x0000000100000000, 0x0000000100000000)
  eden space 192512K, 0% used [0x00000000e1300000,0x00000000e1300000,0x00000000ecf00000)
  from space 146944K, 73% used [0x00000000f7080000,0x00000000fdaa8000,0x0000000100000000)
  to   space 156160K, 0% used [0x00000000ecf00000,0x00000000ecf00000,0x00000000f6780000)
 ParOldGen       total 749568K, used 548013K [0x00000000a3800000, 0x00000000d1400000, 0x00000000e1300000)
  object space 749568K, 73% used [0x00000000a3800000,0x00000000c4f2b6f8,0x00000000d1400000)
 Metaspace       used 16336K, capacity 16642K, committed 16896K, reserved 1064960K
  class space    used 1920K, capacity 1988K, committed 2048K, reserved 1048576K
}
Event: 58,739 GC heap before
{Heap before GC invocations=28 (full 6):
 PSYoungGen      total 339456K, used 301216K [0x00000000e1300000, 0x0000000100000000, 0x0000000100000000)
  eden space 192512K, 100% used [0x00000000e1300000,0x00000000ecf00000,0x00000000ecf00000)
  from space 146944K, 73% used [0x00000000f7080000,0x00000000fdaa8000,0x0000000100000000)
  to   space 156160K, 0% used [0x00000000ecf00000,0x00000000ecf00000,0x00000000f6780000)
 ParOldGen       total 749568K, used 548013K [0x00000000a3800000, 0x00000000d1400000, 0x00000000e1300000)
  object space 749568K, 73% used [0x00000000a3800000,0x00000000c4f2b6f8,0x00000000d1400000)
 Metaspace       used 16336K, capacity 16642K, committed 16896K, reserved 1064960K
  class space    used 1920K, capacity 1988K, committed 2048K, reserved 1048576K
Event: 59,162 GC heap after
Heap after GC invocations=28 (full 6):
 PSYoungGen      total 332288K, used 139328K [0x00000000e1300000, 0x0000000100000000, 0x0000000100000000)
  eden space 192512K, 0% used [0x00000000e1300000,0x00000000e1300000,0x00000000ecf00000)
  from space 139776K, 99% used [0x00000000ecf00000,0x00000000f5710000,0x00000000f5780000)
  to   space 167936K, 0% used [0x00000000f5c00000,0x00000000f5c00000,0x0000000100000000)
 ParOldGen       total 749568K, used 548013K [0x00000000a3800000, 0x00000000d1400000, 0x00000000e1300000)
  object space 749568K, 73% used [0x00000000a3800000,0x00000000c4f2b6f8,0x00000000d1400000)
 Metaspace       used 16336K, capacity 16642K, committed 16896K, reserved 1064960K
  class space    used 1920K, capacity 1988K, committed 2048K, reserved 1048576K
}
Event: 59,933 GC heap before
{Heap before GC invocations=29 (full 6):
 PSYoungGen      total 332288K, used 331840K [0x00000000e1300000, 0x0000000100000000, 0x0000000100000000)
  eden space 192512K, 100% used [0x00000000e1300000,0x00000000ecf00000,0x00000000ecf00000)
  from space 139776K, 99% used [0x00000000ecf00000,0x00000000f5710000,0x00000000f5780000)
  to   space 167936K, 0% used [0x00000000f5c00000,0x00000000f5c00000,0x0000000100000000)
 ParOldGen       total 749568K, used 548013K [0x00000000a3800000, 0x00000000d1400000, 0x00000000e1300000)
  object space 749568K, 73% used [0x00000000a3800000,0x00000000c4f2b6f8,0x00000000d1400000)
 Metaspace       used 16336K, capacity 16642K, committed 16896K, reserved 1064960K
  class space    used 1920K, capacity 1988K, committed 2048K, reserved 1048576K
Event: 60,437 GC heap after
Heap after GC invocations=29 (full 6):
 PSYoungGen      total 336896K, used 137024K [0x00000000e1300000, 0x0000000100000000, 0x0000000100000000)
  eden space 168960K, 0% used [0x00000000e1300000,0x00000000e1300000,0x00000000eb800000)
  from space 167936K, 81% used [0x00000000f5c00000,0x00000000fe1d0000,0x0000000100000000)
  to   space 167936K, 0% used [0x00000000eb800000,0x00000000eb800000,0x00000000f5c00000)
 ParOldGen       total 749568K, used 587309K [0x00000000a3800000, 0x00000000d1400000, 0x00000000e1300000)
  object space 749568K, 78% used [0x00000000a3800000,0x00000000c758b6f8,0x00000000d1400000)
 Metaspace       used 16336K, capacity 16642K, committed 16896K, reserved 1064960K
  class space    used 1920K, capacity 1988K, committed 2048K, reserved 1048576K
}
Event: 61,155 GC heap before
{Heap before GC invocations=30 (full 6):
 PSYoungGen      total 336896K, used 305984K [0x00000000e1300000, 0x0000000100000000, 0x0000000100000000)
  eden space 168960K, 100% used [0x00000000e1300000,0x00000000eb800000,0x00000000eb800000)
  from space 167936K, 81% used [0x00000000f5c00000,0x00000000fe1d0000,0x0000000100000000)
  to   space 167936K, 0% used [0x00000000eb800000,0x00000000eb800000,0x00000000f5c00000)
 ParOldGen       total 749568K, used 587309K [0x00000000a3800000, 0x00000000d1400000, 0x00000000e1300000)
  object space 749568K, 78% used [0x00000000a3800000,0x00000000c758b6f8,0x00000000d1400000)
 Metaspace       used 16336K, capacity 16642K, committed 16896K, reserved 1064960K
  class space    used 1920K, capacity 1988K, committed 2048K, reserved 1048576K
Event: 61,677 GC heap after
Heap after GC invocations=30 (full 6):
 PSYoungGen      total 336896K, used 96288K [0x00000000e1300000, 0x0000000100000000, 0x0000000100000000)
  eden space 168960K, 0% used [0x00000000e1300000,0x00000000e1300000,0x00000000eb800000)
  from space 167936K, 57% used [0x00000000eb800000,0x00000000f1608000,0x00000000f5c00000)
  to   space 167936K, 0% used [0x00000000f5c00000,0x00000000f5c00000,0x0000000100000000)
 ParOldGen       total 749568K, used 657005K [0x00000000a3800000, 0x00000000d1400000, 0x00000000e1300000)
  object space 749568K, 87% used [0x00000000a3800000,0x00000000cb99b6f8,0x00000000d1400000)
 Metaspace       used 16336K, capacity 16642K, committed 16896K, reserved 1064960K
  class space    used 1920K, capacity 1988K, committed 2048K, reserved 1048576K
}
Event: 62,423 GC heap before
{Heap before GC invocations=31 (full 6):
 PSYoungGen      total 336896K, used 265248K [0x00000000e1300000, 0x0000000100000000, 0x0000000100000000)
  eden space 168960K, 100% used [0x00000000e1300000,0x00000000eb800000,0x00000000eb800000)
  from space 167936K, 57% used [0x00000000eb800000,0x00000000f1608000,0x00000000f5c00000)
  to   space 167936K, 0% used [0x00000000f5c00000,0x00000000f5c00000,0x0000000100000000)
 ParOldGen       total 749568K, used 657005K [0x00000000a3800000, 0x00000000d1400000, 0x00000000e1300000)
  object space 749568K, 87% used [0x00000000a3800000,0x00000000cb99b6f8,0x00000000d1400000)
 Metaspace       used 16336K, capacity 16642K, committed 16896K, reserved 1064960K
  class space    used 1920K, capacity 1988K, committed 2048K, reserved 1048576K
Event: 62,877 GC heap after
Heap after GC invocations=31 (full 6):
 PSYoungGen      total 336896K, used 61888K [0x00000000e1300000, 0x0000000100000000, 0x0000000100000000)
  eden space 168960K, 0% used [0x00000000e1300000,0x00000000e1300000,0x00000000eb800000)
  from space 167936K, 36% used [0x00000000f5c00000,0x00000000f9870000,0x0000000100000000)
  to   space 167936K, 0% used [0x00000000eb800000,0x00000000eb800000,0x00000000f5c00000)
 ParOldGen       total 749568K, used 724749K [0x00000000a3800000, 0x00000000d1400000, 0x00000000e1300000)
  object space 749568K, 96% used [0x00000000a3800000,0x00000000cfbc36f8,0x00000000d1400000)
 Metaspace       used 16336K, capacity 16642K, committed 16896K, reserved 1064960K
  class space    used 1920K, capacity 1988K, committed 2048K, reserved 1048576K
}
Event: 63,037 GC heap before
{Heap before GC invocations=32 (full 7):
 PSYoungGen      total 336896K, used 61888K [0x00000000e1300000, 0x0000000100000000, 0x0000000100000000)
  eden space 168960K, 0% used [0x00000000e1300000,0x00000000e1300000,0x00000000eb800000)
  from space 167936K, 36% used [0x00000000f5c00000,0x00000000f9870000,0x0000000100000000)
  to   space 167936K, 0% used [0x00000000eb800000,0x00000000eb800000,0x00000000f5c00000)
 ParOldGen       total 749568K, used 724749K [0x00000000a3800000, 0x00000000d1400000, 0x00000000e1300000)
  object space 749568K, 96% used [0x00000000a3800000,0x00000000cfbc36f8,0x00000000d1400000)
 Metaspace       used 16336K, capacity 16642K, committed 16896K, reserved 1064960K
  class space    used 1920K, capacity 1988K, committed 2048K, reserved 1048576K

Deoptimization events (10 events):
Event: 36,259 Thread 0x00007f72e407b800 Uncommon trap: reason=speculate_class_check action=maybe_recompile pc=0x00007f732d24c5c8 method=java.awt.EventQueue.eventToCacheIndex(Ljava/awt/AWTEvent;)I @ 68
Event: 36,259 Thread 0x00007f72e407b800 Uncommon trap: reason=speculate_class_check action=maybe_recompile pc=0x00007f732d246194 method=java.awt.EventQueue.eventToCacheIndex(Ljava/awt/AWTEvent;)I @ 68
Event: 36,259 Thread 0x00007f72e407b800 Uncommon trap: reason=class_check action=maybe_recompile pc=0x00007f732d268bcc method=java.awt.EventQueue.coalesceEvent(Ljava/awt/AWTEvent;I)Z @ 32
Event: 36,259 Thread 0x00007f72e407b800 Uncommon trap: reason=class_check action=maybe_recompile pc=0x00007f732d24617c method=java.awt.EventQueue.cacheEQItem(Lsun/awt/EventQueueItem;)V @ 20
Event: 36,259 Thread 0x00007f72e407b800 Uncommon trap: reason=class_check action=maybe_recompile pc=0x00007f732d268bcc method=java.awt.EventQueue.coalesceEvent(Ljava/awt/AWTEvent;I)Z @ 32
Event: 36,259 Thread 0x00007f72e407b800 Uncommon trap: reason=speculate_class_check action=maybe_recompile pc=0x00007f732d246194 method=java.awt.EventQueue.eventToCacheIndex(Ljava/awt/AWTEvent;)I @ 68
Event: 36,259 Thread 0x00007f72e407b800 Uncommon trap: reason=class_check action=maybe_recompile pc=0x00007f732d268bcc method=java.awt.EventQueue.coalesceEvent(Ljava/awt/AWTEvent;I)Z @ 32
Event: 36,599 Thread 0x00007f733c1fe800 Uncommon trap: reason=class_check action=maybe_recompile pc=0x00007f732d582640 method=java.awt.EventQueue.coalesceEvent(Ljava/awt/AWTEvent;I)Z @ 32
Event: 36,604 Thread 0x00007f733c1fe800 Uncommon trap: reason=class_check action=maybe_recompile pc=0x00007f732d576094 method=java.awt.EventQueue.coalesceEvent(Ljava/awt/AWTEvent;I)Z @ 32
Event: 40,124 Thread 0x00007f72e407b800 Uncommon trap: reason=speculate_class_check action=maybe_recompile pc=0x00007f732d55fda4 method=java.awt.EventQueue.coalesceEvent(Ljava/awt/AWTEvent;I)Z @ 13

Internal exceptions (10 events):
Event: 0,023 Thread 0x00007f733c00a000 Exception <a 'java/lang/NoSuchMethodError': Method sun.misc.Unsafe.prefetchRead(Ljava/lang/Object;J)V name or signature does not match> (0x00000000e1307fa8) thrown at [/HUDSON/workspace/8-2-build-linux-amd64/jdk8u91/6644/hotspot/src/share/vm/prims/jni.cpp
Event: 0,093 Thread 0x00007f733c00a000 Exception <a 'java/security/PrivilegedActionException'> (0x00000000e1432540) thrown at [/HUDSON/workspace/8-2-build-linux-amd64/jdk8u91/6644/hotspot/src/share/vm/prims/jvm.cpp, line 1386]
Event: 0,093 Thread 0x00007f733c00a000 Exception <a 'java/security/PrivilegedActionException'> (0x00000000e1432938) thrown at [/HUDSON/workspace/8-2-build-linux-amd64/jdk8u91/6644/hotspot/src/share/vm/prims/jvm.cpp, line 1386]
Event: 0,093 Thread 0x00007f733c00a000 Exception <a 'java/security/PrivilegedActionException'> (0x00000000e1434f60) thrown at [/HUDSON/workspace/8-2-build-linux-amd64/jdk8u91/6644/hotspot/src/share/vm/prims/jvm.cpp, line 1386]
Event: 0,093 Thread 0x00007f733c00a000 Exception <a 'java/security/PrivilegedActionException'> (0x00000000e1435358) thrown at [/HUDSON/workspace/8-2-build-linux-amd64/jdk8u91/6644/hotspot/src/share/vm/prims/jvm.cpp, line 1386]
Event: 9,215 Thread 0x00007f733c00a000 Exception <a 'java/lang/NoSuchFieldError': method resolution failed> (0x00000000e158eda8) thrown at [/HUDSON/workspace/8-2-build-linux-amd64/jdk8u91/6644/hotspot/src/share/vm/prims/methodHandles.cpp, line 1146]
Event: 9,216 Thread 0x00007f733c00a000 Exception <a 'java/lang/NoSuchFieldError': method resolution failed> (0x00000000e159c1a8) thrown at [/HUDSON/workspace/8-2-build-linux-amd64/jdk8u91/6644/hotspot/src/share/vm/prims/methodHandles.cpp, line 1146]
Event: 9,353 Thread 0x00007f733c200000 Exception <a 'java/io/FileNotFoundException'> (0x00000000e1769558) thrown at [/HUDSON/workspace/8-2-build-linux-amd64/jdk8u91/6644/hotspot/src/share/vm/prims/jni.cpp, line 709]
Event: 9,354 Thread 0x00007f733c200000 Exception <a 'java/io/FileNotFoundException'> (0x00000000e1769f40) thrown at [/HUDSON/workspace/8-2-build-linux-amd64/jdk8u91/6644/hotspot/src/share/vm/prims/jni.cpp, line 709]
Event: 10,243 Thread 0x00007f72e407b800 Exception <a 'java/lang/UnsupportedOperationException': > (0x00000000e1580a30) thrown at [/HUDSON/workspace/8-2-build-linux-amd64/jdk8u91/6644/hotspot/src/share/vm/prims/jni.cpp, line 735]

Events (10 events):
Event: 56,668 Executing VM operation: ParallelGCFailedAllocation done
Event: 57,571 Executing VM operation: ParallelGCFailedAllocation
Event: 57,885 Executing VM operation: ParallelGCFailedAllocation done
Event: 58,739 Executing VM operation: ParallelGCFailedAllocation
Event: 59,162 Executing VM operation: ParallelGCFailedAllocation done
Event: 59,932 Executing VM operation: ParallelGCFailedAllocation
Event: 60,437 Executing VM operation: ParallelGCFailedAllocation done
Event: 61,155 Executing VM operation: ParallelGCFailedAllocation
Event: 61,677 Executing VM operation: ParallelGCFailedAllocation done
Event: 62,423 Executing VM operation: ParallelGCFailedAllocation


Dynamic libraries:
00400000-00401000 r-xp 00000000 08:11 936380                             /usr/lib/jvm/java-8-oracle/bin/java
00600000-00601000 rw-p 00000000 08:11 936380                             /usr/lib/jvm/java-8-oracle/bin/java
0155d000-0157e000 rw-p 00000000 00:00 0                                  [heap]
a3800000-d1400000 rw-p 00000000 00:00 0 
e0b00000-e1300000 ---p 00000000 00:00 0 
e1300000-100000000 rw-p 00000000 00:00 0 
100000000-100200000 rw-p 00000000 00:00 0 
100200000-140000000 ---p 00000000 00:00 0 
7f72c8000000-7f72c8021000 rw-p 00000000 00:00 0 
7f72c8021000-7f72cc000000 ---p 00000000 00:00 0 
7f72d0000000-7f72d0021000 rw-p 00000000 00:00 0 
7f72d0021000-7f72d4000000 ---p 00000000 00:00 0 
7f72d4000000-7f72d444b000 rw-p 00000000 00:00 0 
7f72d444b000-7f72d8000000 ---p 00000000 00:00 0 
7f72db13f000-7f72db140000 r--s 00000000 08:11 409624                     /var/cache/fontconfig/c05880de57d1f5e948fdfacc138775d9-le64.cache-4
7f72db140000-7f72db14b000 r--s 00000000 08:11 394918                     /var/cache/fontconfig/945677eb7aeaf62f1d50efc3fb3ec7d8-le64.cache-4
7f72db14b000-7f72db154000 r--s 00000000 08:11 402997                     /var/cache/fontconfig/a6d8cf8e4ec09cdbc8633c31745a07dd-le64.cache-4
7f72db154000-7f72db15a000 r--s 00000000 08:11 394900                     /var/cache/fontconfig/2cd17615ca594fa2959ae173292e504c-le64.cache-4
7f72db15a000-7f72db15b000 r--s 00000000 08:11 394935                     /var/cache/fontconfig/e7071f4a29fa870f4323321c154eba04-le64.cache-4
7f72db15b000-7f72db15c000 r--s 00000000 08:11 394896                     /var/cache/fontconfig/0d8c3b2ac0904cb8a57a757ad11a4a08-le64.cache-4
7f72db15c000-7f72db163000 r--s 00000000 08:11 394921                     /var/cache/fontconfig/a755afe4a08bf5b97852ceb7400b47bc-le64.cache-4
7f72db163000-7f72db177000 r--s 00000000 08:11 394890                     /var/cache/fontconfig/04aabc0a78ac019cf9454389977116d2-le64.cache-4
7f72db177000-7f72db17c000 r--s 00000000 08:11 394917                     /var/cache/fontconfig/eb48934c523a49add3824bfad8846c40-le64.cache-4
7f72db17c000-7f72db1b7000 r--s 00000000 08:11 394931                     /var/cache/fontconfig/365b55f210c0a22e9a19e35191240f32-le64.cache-4
7f72db515000-7f72db595000 rw-p 00000000 00:00 0 
7f72db595000-7f72db715000 ---p 00000000 00:00 0 
7f72db715000-7f72db854000 rw-s 00000000 00:05 9764870                    /SYSV00000000 (deleted)
7f72db8ca000-7f72db8cd000 ---p 00000000 00:00 0 
7f72db8cd000-7f72db9cb000 rw-p 00000000 00:00 0 
7f72dbcfe000-7f72dbeff000 rw-p 00000000 00:00 0 
7f72dbeff000-7f72dbf02000 ---p 00000000 00:00 0 
7f72dbf02000-7f72dc000000 rw-p 00000000 00:00 0 
7f72dc000000-7f72dc024000 rw-p 00000000 00:00 0 
7f72dc024000-7f72e0000000 ---p 00000000 00:00 0 
7f72e0000000-7f72e0021000 rw-p 00000000 00:00 0 
7f72e0021000-7f72e4000000 ---p 00000000 00:00 0 
7f72e4000000-7f72e418b000 rw-p 00000000 00:00 0 
7f72e418b000-7f72e8000000 ---p 00000000 00:00 0 
7f72e8000000-7f72e8021000 rw-p 00000000 00:00 0 
7f72e8021000-7f72ec000000 ---p 00000000 00:00 0 
7f72ec000000-7f72ec021000 rw-p 00000000 00:00 0 
7f72ec021000-7f72f0000000 ---p 00000000 00:00 0 
7f72f0000000-7f72f0073000 rw-p 00000000 00:00 0 
7f72f0073000-7f72f4000000 ---p 00000000 00:00 0 
7f72f4000000-7f72f447e000 rw-p 00000000 00:00 0 
7f72f447e000-7f72f8000000 ---p 00000000 00:00 0 
7f72f8000000-7f72f8021000 rw-p 00000000 00:00 0 
7f72f8021000-7f72fc000000 ---p 00000000 00:00 0 
7f72fc000000-7f72fc9d0000 rw-p 00000000 00:00 0 
7f72fc9d0000-7f7300000000 ---p 00000000 00:00 0 
7f7300000000-7f730098e000 rw-p 00000000 00:00 0 
7f730098e000-7f7304000000 ---p 00000000 00:00 0 
7f7304000000-7f7304021000 rw-p 00000000 00:00 0 
7f7304021000-7f7308000000 ---p 00000000 00:00 0 
7f7308000000-7f7308001000 r--s 00000000 08:11 394899                     /var/cache/fontconfig/1ac9eb803944fde146138c791f5cc56a-le64.cache-4
7f7308001000-7f7308006000 r--s 00000000 08:11 395342                     /var/cache/fontconfig/385c0604a188198f04d133e54aba7fe7-le64.cache-4
7f7308006000-7f7308007000 r--s 00000000 08:11 394932                     /var/cache/fontconfig/dc05db6664285cc2f12bf69c139ae4c3-le64.cache-4
7f7308007000-7f730800b000 r--s 00000000 08:11 394915                     /var/cache/fontconfig/7b79abe4499501fcd4e4826394083a53-le64.cache-4
7f730800b000-7f730800e000 r--s 00000000 08:11 394904                     /var/cache/fontconfig/3a9914ff62a69b32234685a84fdc926d-le64.cache-4
7f730800e000-7f7308010000 r--s 00000000 08:11 394914                     /var/cache/fontconfig/767a8244fc0220cfb567a839d0392e0b-le64.cache-4
7f7308010000-7f7308011000 r--s 00000000 08:11 394894                     /var/cache/fontconfig/0b41ebd278d9388cf5d83f81d476c672-le64.cache-4
7f7308011000-7f7308015000 r--s 00000000 08:11 394937                     /var/cache/fontconfig/ea32c683f96734b73b6a7acf745d6442-le64.cache-4
7f7308015000-7f730801b000 r--s 00000000 08:11 402996                     /var/cache/fontconfig/8801497958630a81b71ace7c5f9b32a8-le64.cache-4
7f730801b000-7f7308022000 r--s 00000000 08:11 394901                     /var/cache/fontconfig/3047814df9a2f067bd2d96a2b9c36e5a-le64.cache-4
7f7308022000-7f7308028000 r--s 00000000 08:11 394924                     /var/cache/fontconfig/b47c4e1ecd0709278f4910c18777a504-le64.cache-4
7f7308028000-7f730803b000 r--s 00000000 08:11 394929                     /var/cache/fontconfig/d52a8644073d54c13679302ca1180695-le64.cache-4
7f730803b000-7f7308044000 r--s 00000000 08:11 394905                     /var/cache/fontconfig/3f7329c5293ffd510edef78f73874cfd-le64.cache-4
7f7308044000-7f73080ad000 r-xp 00000000 08:11 936595                     /usr/lib/jvm/java-8-oracle/jre/lib/amd64/libt2k.so
7f73080ad000-7f73082ad000 ---p 00069000 08:11 936595                     /usr/lib/jvm/java-8-oracle/jre/lib/amd64/libt2k.so
7f73082ad000-7f73082b4000 rw-p 00069000 08:11 936595                     /usr/lib/jvm/java-8-oracle/jre/lib/amd64/libt2k.so
7f73082b4000-7f73082c4000 rw-p 00000000 00:00 0 
7f73082c4000-7f73082d5000 r-xp 00000000 08:11 936653                     /usr/lib/jvm/java-8-oracle/jre/lib/amd64/libnio.so
7f73082d5000-7f73084d4000 ---p 00011000 08:11 936653                     /usr/lib/jvm/java-8-oracle/jre/lib/amd64/libnio.so
7f73084d4000-7f73084d5000 rw-p 00010000 08:11 936653                     /usr/lib/jvm/java-8-oracle/jre/lib/amd64/libnio.so
7f73084d5000-7f73086d5000 rw-p 00000000 00:00 0 
7f73086d5000-7f73088d5000 rw-p 00000000 00:00 0 
7f73088d5000-7f73088d8000 ---p 00000000 00:00 0 
7f73088d8000-7f73089d6000 rw-p 00000000 00:00 0 
7f73089d6000-7f73089d9000 ---p 00000000 00:00 0 
7f73089d9000-7f7308ad7000 rw-p 00000000 00:00 0 
7f7308ad7000-7f7308ada000 ---p 00000000 00:00 0 
7f7308ada000-7f7308bd8000 rw-p 00000000 00:00 0 
7f7308bd8000-7f7308bdd000 r-xp 00000000 08:11 662711                     /usr/lib/x86_64-linux-gnu/libXfixes.so.3.1.0
7f7308bdd000-7f7308ddc000 ---p 00005000 08:11 662711                     /usr/lib/x86_64-linux-gnu/libXfixes.so.3.1.0
7f7308ddc000-7f7308ddd000 r--p 00004000 08:11 662711                     /usr/lib/x86_64-linux-gnu/libXfixes.so.3.1.0
7f7308ddd000-7f7308dde000 rw-p 00005000 08:11 662711                     /usr/lib/x86_64-linux-gnu/libXfixes.so.3.1.0
7f7308dde000-7f7308de7000 r-xp 00000000 08:11 662703                     /usr/lib/x86_64-linux-gnu/libXcursor.so.1.0.2
7f7308de7000-7f7308fe6000 ---p 00009000 08:11 662703                     /usr/lib/x86_64-linux-gnu/libXcursor.so.1.0.2
7f7308fe6000-7f7308fe7000 r--p 00008000 08:11 662703                     /usr/lib/x86_64-linux-gnu/libXcursor.so.1.0.2
7f7308fe7000-7f7308fe8000 rw-p 00009000 08:11 662703                     /usr/lib/x86_64-linux-gnu/libXcursor.so.1.0.2
7f7308fe8000-7f7308feb000 ---p 00000000 00:00 0 
7f7308feb000-7f73090e9000 rw-p 00000000 00:00 0 
7f73090e9000-7f73090ff000 r-xp 00000000 08:11 266213                     /lib/x86_64-linux-gnu/libgcc_s.so.1
7f73090ff000-7f73092fe000 ---p 00016000 08:11 266213                     /lib/x86_64-linux-gnu/libgcc_s.so.1
7f73092fe000-7f73092ff000 rw-p 00015000 08:11 266213                     /lib/x86_64-linux-gnu/libgcc_s.so.1
7f73092ff000-7f7309364000 r-xp 00000000 08:11 936652                     /usr/lib/jvm/java-8-oracle/jre/lib/amd64/libfontmanager.so
7f7309364000-7f7309563000 ---p 00065000 08:11 936652                     /usr/lib/jvm/java-8-oracle/jre/lib/amd64/libfontmanager.so
7f7309563000-7f7309568000 rw-p 00064000 08:11 936652                     /usr/lib/jvm/java-8-oracle/jre/lib/amd64/libfontmanager.so
7f7309568000-7f7309578000 rw-p 00000000 00:00 0 
7f7309578000-7f730957d000 r-xp 00000000 08:11 662707                     /usr/lib/x86_64-linux-gnu/libXdmcp.so.6.0.0
7f730957d000-7f730977c000 ---p 00005000 08:11 662707                     /usr/lib/x86_64-linux-gnu/libXdmcp.so.6.0.0
7f730977c000-7f730977d000 r--p 00004000 08:11 662707                     /usr/lib/x86_64-linux-gnu/libXdmcp.so.6.0.0
7f730977d000-7f730977e000 rw-p 00005000 08:11 662707                     /usr/lib/x86_64-linux-gnu/libXdmcp.so.6.0.0
7f730977e000-7f7309780000 r-xp 00000000 08:11 662696                     /usr/lib/x86_64-linux-gnu/libXau.so.6.0.0
7f7309780000-7f7309980000 ---p 00002000 08:11 662696                     /usr/lib/x86_64-linux-gnu/libXau.so.6.0.0
7f7309980000-7f7309981000 r--p 00002000 08:11 662696                     /usr/lib/x86_64-linux-gnu/libXau.so.6.0.0
7f7309981000-7f7309982000 rw-p 00003000 08:11 662696                     /usr/lib/x86_64-linux-gnu/libXau.so.6.0.0
7f7309982000-7f730999f000 r-xp 00000000 08:11 663688                     /usr/lib/x86_64-linux-gnu/libxcb.so.1.1.0
7f730999f000-7f7309b9f000 ---p 0001d000 08:11 663688                     /usr/lib/x86_64-linux-gnu/libxcb.so.1.1.0
7f7309b9f000-7f7309ba0000 r--p 0001d000 08:11 663688                     /usr/lib/x86_64-linux-gnu/libxcb.so.1.1.0
7f7309ba0000-7f7309ba1000 rw-p 0001e000 08:11 663688                     /usr/lib/x86_64-linux-gnu/libxcb.so.1.1.0
7f7309ba1000-7f7309bb0000 r-xp 00000000 08:11 662717                     /usr/lib/x86_64-linux-gnu/libXi.so.6.1.0
7f7309bb0000-7f7309daf000 ---p 0000f000 08:11 662717                     /usr/lib/x86_64-linux-gnu/libXi.so.6.1.0
7f7309daf000-7f7309db0000 r--p 0000e000 08:11 662717                     /usr/lib/x86_64-linux-gnu/libXi.so.6.1.0
7f7309db0000-7f7309db1000 rw-p 0000f000 08:11 662717                     /usr/lib/x86_64-linux-gnu/libXi.so.6.1.0
7f7309db1000-7f7309db6000 r-xp 00000000 08:11 662735                     /usr/lib/x86_64-linux-gnu/libXtst.so.6.1.0
7f7309db6000-7f7309fb5000 ---p 00005000 08:11 662735                     /usr/lib/x86_64-linux-gnu/libXtst.so.6.1.0
7f7309fb5000-7f7309fb6000 r--p 00004000 08:11 662735                     /usr/lib/x86_64-linux-gnu/libXtst.so.6.1.0
7f7309fb6000-7f7309fb7000 rw-p 00005000 08:11 662735                     /usr/lib/x86_64-linux-gnu/libXtst.so.6.1.0
7f7309fb7000-7f7309fc0000 r-xp 00000000 08:11 662729                     /usr/lib/x86_64-linux-gnu/libXrender.so.1.3.0
7f7309fc0000-7f730a1bf000 ---p 00009000 08:11 662729                     /usr/lib/x86_64-linux-gnu/libXrender.so.1.3.0
7f730a1bf000-7f730a1c0000 r--p 00008000 08:11 662729                     /usr/lib/x86_64-linux-gnu/libXrender.so.1.3.0
7f730a1c0000-7f730a1c1000 rw-p 00009000 08:11 662729                     /usr/lib/x86_64-linux-gnu/libXrender.so.1.3.0
7f730a1c1000-7f730a2f1000 r-xp 00000000 08:11 662692                     /usr/lib/x86_64-linux-gnu/libX11.so.6.3.0
7f730a2f1000-7f730a4f1000 ---p 00130000 08:11 662692                     /usr/lib/x86_64-linux-gnu/libX11.so.6.3.0
7f730a4f1000-7f730a4f2000 r--p 00130000 08:11 662692                     /usr/lib/x86_64-linux-gnu/libX11.so.6.3.0
7f730a4f2000-7f730a4f6000 rw-p 00131000 08:11 662692                     /usr/lib/x86_64-linux-gnu/libX11.so.6.3.0
7f730a4f6000-7f730a507000 r-xp 00000000 08:11 662709                     /usr/lib/x86_64-linux-gnu/libXext.so.6.4.0
7f730a507000-7f730a706000 ---p 00011000 08:11 662709                     /usr/lib/x86_64-linux-gnu/libXext.so.6.4.0
7f730a706000-7f730a707000 r--p 00010000 08:11 662709                     /usr/lib/x86_64-linux-gnu/libXext.so.6.4.0
7f730a707000-7f730a708000 rw-p 00011000 08:11 662709                     /usr/lib/x86_64-linux-gnu/libXext.so.6.4.0
7f730a708000-7f730c000000 r--p 00000000 08:11 658472                     /usr/lib/locale/locale-archive
7f730c000000-7f730c021000 rw-p 00000000 00:00 0 
7f730c021000-7f7310000000 ---p 00000000 00:00 0 
7f7310000000-7f7310021000 rw-p 00000000 00:00 0 
7f7310021000-7f7314000000 ---p 00000000 00:00 0 
7f7314000000-7f73142ae000 rw-p 00000000 00:00 0 
7f73142ae000-7f7318000000 ---p 00000000 00:00 0 
7f7318000000-7f7318001000 r--s 00000000 08:11 409623                     /var/cache/fontconfig/4794a0821666d79190d59a36cb4f44b5-le64.cache-4
7f7318001000-7f7318002000 r--s 00000000 08:11 394922                     /var/cache/fontconfig/b036df7bbb72844893df6bcf5570ea7f-le64.cache-4
7f7318002000-7f7318003000 r--s 00000000 08:11 394909                     /var/cache/fontconfig/575107dd7452b4b2b2b1361909925bb4-le64.cache-4
7f7318003000-7f7318005000 r--s 00000000 08:11 394897                     /var/cache/fontconfig/12888573d3e05bfbe41d0040af4efeaa-le64.cache-4
7f7318005000-7f7318010000 r--s 00000000 08:11 403258                     /var/cache/fontconfig/d589a48862398ed80a3d6066f4f56f4c-le64.cache-4
7f7318010000-7f7318015000 r--s 00000000 08:11 394923                     /var/cache/fontconfig/b25010134a2e462c779c1c1d5ccbff7b-le64.cache-4
7f7318015000-7f7318022000 r--s 00000000 08:11 402982                     /var/cache/fontconfig/089dead882dea3570ffc31a9898cfb69-le64.cache-4
7f7318022000-7f731802f000 r--s 00000000 08:11 401264                     /var/cache/fontconfig/e13b20fdb08344e0e664864cc2ede53d-le64.cache-4
7f731802f000-7f7318042000 r--s 00344000 08:11 936457                     /usr/lib/jvm/java-8-oracle/jre/lib/resources.jar
7f7318042000-7f7318096000 r-xp 00000000 08:11 936662                     /usr/lib/jvm/java-8-oracle/jre/lib/amd64/libawt_xawt.so
7f7318096000-7f7318296000 ---p 00054000 08:11 936662                     /usr/lib/jvm/java-8-oracle/jre/lib/amd64/libawt_xawt.so
7f7318296000-7f731829a000 rw-p 00054000 08:11 936662                     /usr/lib/jvm/java-8-oracle/jre/lib/amd64/libawt_xawt.so
7f731829a000-7f731829b000 rw-p 00000000 00:00 0 
7f731829b000-7f731833d000 r-xp 00000000 08:11 936586                     /usr/lib/jvm/java-8-oracle/jre/lib/amd64/libawt.so
7f731833d000-7f731853d000 ---p 000a2000 08:11 936586                     /usr/lib/jvm/java-8-oracle/jre/lib/amd64/libawt.so
7f731853d000-7f7318549000 rw-p 000a2000 08:11 936586                     /usr/lib/jvm/java-8-oracle/jre/lib/amd64/libawt.so
7f7318549000-7f731856d000 rw-p 00000000 00:00 0 
7f731856d000-7f7318570000 ---p 00000000 00:00 0 
7f7318570000-7f731866e000 rw-p 00000000 00:00 0 
7f731866e000-7f73186a0000 r--s 00217000 08:11 140898                     /home/federico/.m2/repository/net/bytebuddy/byte-buddy/1.4.3/byte-buddy-1.4.3.jar
7f73186a0000-7f73186a3000 ---p 00000000 00:00 0 
7f73186a3000-7f73187a1000 rw-p 00000000 00:00 0 
7f73187a1000-7f73187b7000 r-xp 00000000 08:11 936668                     /usr/lib/jvm/java-8-oracle/jre/lib/amd64/libnet.so
7f73187b7000-7f73189b7000 ---p 00016000 08:11 936668                     /usr/lib/jvm/java-8-oracle/jre/lib/amd64/libnet.so
7f73189b7000-7f73189b8000 rw-p 00016000 08:11 936668                     /usr/lib/jvm/java-8-oracle/jre/lib/amd64/libnet.so
7f73189b8000-7f73189b9000 ---p 00000000 00:00 0 
7f73189b9000-7f7318ab9000 rw-p 00000000 00:00 0 
7f7318ab9000-7f7318abc000 ---p 00000000 00:00 0 
7f7318abc000-7f7318bba000 rw-p 00000000 00:00 0 
7f7318bba000-7f7318bbd000 ---p 00000000 00:00 0 
7f7318bbd000-7f7318cbb000 rw-p 00000000 00:00 0 
7f7318cbb000-7f7318cbe000 ---p 00000000 00:00 0 
7f7318cbe000-7f7318dbc000 rw-p 00000000 00:00 0 
7f7318dbc000-7f7318dbf000 ---p 00000000 00:00 0 
7f7318dbf000-7f7318ebd000 rw-p 00000000 00:00 0 
7f7318ebd000-7f7318ec0000 ---p 00000000 00:00 0 
7f7318ec0000-7f7318fbe000 rw-p 00000000 00:00 0 
7f7318fbe000-7f7318fc1000 ---p 00000000 00:00 0 
7f7318fc1000-7f73190bf000 rw-p 00000000 00:00 0 
7f73190bf000-7f73190c2000 ---p 00000000 00:00 0 
7f73190c2000-7f731c000000 rw-p 00000000 00:00 0 
7f731c000000-7f731c021000 rw-p 00000000 00:00 0 
7f731c021000-7f7320000000 ---p 00000000 00:00 0 
7f7320000000-7f7320021000 rw-p 00000000 00:00 0 
7f7320021000-7f7324000000 ---p 00000000 00:00 0 
7f7324000000-7f7324048000 rw-p 00000000 00:00 0 
7f7324048000-7f7328000000 ---p 00000000 00:00 0 
7f7328000000-7f7328021000 rw-p 00000000 00:00 0 
7f7328021000-7f732c000000 ---p 00000000 00:00 0 
7f732c000000-7f732c001000 r--s 00000000 08:11 394907                     /var/cache/fontconfig/56cf4f4769d0f4abc89a4895d7bd3ae1-le64.cache-4
7f732c001000-7f732c002000 r--s 00000000 08:11 394925                     /var/cache/fontconfig/b9d506c9ac06c20b433354fa67a72993-le64.cache-4
7f732c002000-7f732c003000 r--s 00000000 08:11 394893                     /var/cache/fontconfig/0b3f2427388044a01a5738fa4b8cc9d1-le64.cache-4
7f732c003000-7f732c026000 r--p 00000000 08:11 1055911                    /usr/share/locale-langpack/it/LC_MESSAGES/libc.mo
7f732c026000-7f732c03c000 r--s 000a7000 08:11 1591853                    /home/federico/.m2/repository/org/mockito/mockito-core/2.0.71-beta/mockito-core-2.0.71-beta.jar
7f732c03c000-7f732c06d000 rw-p 00000000 00:00 0 
7f732c06d000-7f732c06e000 ---p 00000000 00:00 0 
7f732c06e000-7f732d000000 rw-p 00000000 00:00 0 
7f732d000000-7f732d590000 rwxp 00000000 00:00 0 
7f732d590000-7f733c000000 ---p 00000000 00:00 0 
7f733c000000-7f733c202000 rw-p 00000000 00:00 0 
7f733c202000-7f7340000000 ---p 00000000 00:00 0 
7f7340000000-7f7340001000 r--s 00000000 08:11 394892                     /var/cache/fontconfig/0941b6d3777f1e64883d36fd6d84a52f-le64.cache-4
7f7340001000-7f7340004000 r--s 00000000 08:11 409622                     /var/cache/fontconfig/e49e89034d371f0f9de17aab02136486-le64.cache-4
7f7340004000-7f7340020000 r--s 00393000 08:11 936681                     /usr/lib/jvm/java-8-oracle/jre/lib/ext/cldrdata.jar
7f7340020000-7f7340170000 rw-p 00000000 00:00 0 
7f7340170000-7f7340349000 r--s 03d1f000 08:11 939080                     /usr/lib/jvm/java-8-oracle/jre/lib/rt.jar
7f7340349000-7f7340ea3000 rw-p 00000000 00:00 0 
7f7340ea3000-7f7340ea4000 ---p 00000000 00:00 0 
7f7340ea4000-7f7340fa4000 rw-p 00000000 00:00 0 
7f7340fa4000-7f7340fa5000 ---p 00000000 00:00 0 
7f7340fa5000-7f73410a5000 rw-p 00000000 00:00 0 
7f73410a5000-7f73410a6000 ---p 00000000 00:00 0 
7f73410a6000-7f73411a6000 rw-p 00000000 00:00 0 
7f73411a6000-7f73411a7000 ---p 00000000 00:00 0 
7f73411a7000-7f7341415000 rw-p 00000000 00:00 0 
7f7341415000-7f7341495000 ---p 00000000 00:00 0 
7f7341495000-7f7341603000 rw-p 00000000 00:00 0 
7f7341603000-7f7341682000 ---p 00000000 00:00 0 
7f7341682000-7f7341779000 rw-p 00000000 00:00 0 
7f7341779000-7f7341791000 rw-p 00000000 00:00 0 
7f7341791000-7f7341b3a000 ---p 00000000 00:00 0 
7f7341b3a000-7f7341b54000 r-xp 00000000 08:11 936624                     /usr/lib/jvm/java-8-oracle/jre/lib/amd64/libzip.so
7f7341b54000-7f7341d54000 ---p 0001a000 08:11 936624                     /usr/lib/jvm/java-8-oracle/jre/lib/amd64/libzip.so
7f7341d54000-7f7341d55000 rw-p 0001a000 08:11 936624                     /usr/lib/jvm/java-8-oracle/jre/lib/amd64/libzip.so
7f7341d55000-7f7341d5f000 r-xp 00000000 08:11 279553                     /lib/x86_64-linux-gnu/libnss_files-2.19.so
7f7341d5f000-7f7341f5e000 ---p 0000a000 08:11 279553                     /lib/x86_64-linux-gnu/libnss_files-2.19.so
7f7341f5e000-7f7341f5f000 r--p 00009000 08:11 279553                     /lib/x86_64-linux-gnu/libnss_files-2.19.so
7f7341f5f000-7f7341f60000 rw-p 0000a000 08:11 279553                     /lib/x86_64-linux-gnu/libnss_files-2.19.so
7f7341f60000-7f7341f6b000 r-xp 00000000 08:11 279529                     /lib/x86_64-linux-gnu/libnss_nis-2.19.so
7f7341f6b000-7f734216a000 ---p 0000b000 08:11 279529                     /lib/x86_64-linux-gnu/libnss_nis-2.19.so
7f734216a000-7f734216b000 r--p 0000a000 08:11 279529                     /lib/x86_64-linux-gnu/libnss_nis-2.19.so
7f734216b000-7f734216c000 rw-p 0000b000 08:11 279529                     /lib/x86_64-linux-gnu/libnss_nis-2.19.so
7f734216c000-7f7342183000 r-xp 00000000 08:11 279525                     /lib/x86_64-linux-gnu/libnsl-2.19.so
7f7342183000-7f7342382000 ---p 00017000 08:11 279525                     /lib/x86_64-linux-gnu/libnsl-2.19.so
7f7342382000-7f7342383000 r--p 00016000 08:11 279525                     /lib/x86_64-linux-gnu/libnsl-2.19.so
7f7342383000-7f7342384000 rw-p 00017000 08:11 279525                     /lib/x86_64-linux-gnu/libnsl-2.19.so
7f7342384000-7f7342386000 rw-p 00000000 00:00 0 
7f7342386000-7f734238f000 r-xp 00000000 08:11 279524                     /lib/x86_64-linux-gnu/libnss_compat-2.19.so
7f734238f000-7f734258e000 ---p 00009000 08:11 279524                     /lib/x86_64-linux-gnu/libnss_compat-2.19.so
7f734258e000-7f734258f000 r--p 00008000 08:11 279524                     /lib/x86_64-linux-gnu/libnss_compat-2.19.so
7f734258f000-7f7342590000 rw-p 00009000 08:11 279524                     /lib/x86_64-linux-gnu/libnss_compat-2.19.so
7f7342590000-7f73425ba000 r-xp 00000000 08:11 936600                     /usr/lib/jvm/java-8-oracle/jre/lib/amd64/libjava.so
7f73425ba000-7f73427ba000 ---p 0002a000 08:11 936600                     /usr/lib/jvm/java-8-oracle/jre/lib/amd64/libjava.so
7f73427ba000-7f73427bc000 rw-p 0002a000 08:11 936600                     /usr/lib/jvm/java-8-oracle/jre/lib/amd64/libjava.so
7f73427bc000-7f73427c9000 r-xp 00000000 08:11 936582                     /usr/lib/jvm/java-8-oracle/jre/lib/amd64/libverify.so
7f73427c9000-7f73429c9000 ---p 0000d000 08:11 936582                     /usr/lib/jvm/java-8-oracle/jre/lib/amd64/libverify.so
7f73429c9000-7f73429cb000 rw-p 0000d000 08:11 936582                     /usr/lib/jvm/java-8-oracle/jre/lib/amd64/libverify.so
7f73429cb000-7f73429d2000 r-xp 00000000 08:11 279535                     /lib/x86_64-linux-gnu/librt-2.19.so
7f73429d2000-7f7342bd1000 ---p 00007000 08:11 279535                     /lib/x86_64-linux-gnu/librt-2.19.so
7f7342bd1000-7f7342bd2000 r--p 00006000 08:11 279535                     /lib/x86_64-linux-gnu/librt-2.19.so
7f7342bd2000-7f7342bd3000 rw-p 00007000 08:11 279535                     /lib/x86_64-linux-gnu/librt-2.19.so
7f7342bd3000-7f7342cd8000 r-xp 00000000 08:11 279445                     /lib/x86_64-linux-gnu/libm-2.19.so
7f7342cd8000-7f7342ed7000 ---p 00105000 08:11 279445                     /lib/x86_64-linux-gnu/libm-2.19.so
7f7342ed7000-7f7342ed8000 r--p 00104000 08:11 279445                     /lib/x86_64-linux-gnu/libm-2.19.so
7f7342ed8000-7f7342ed9000 rw-p 00105000 08:11 279445                     /lib/x86_64-linux-gnu/libm-2.19.so
7f7342ed9000-7f7343b99000 r-xp 00000000 08:11 936645                     /usr/lib/jvm/java-8-oracle/jre/lib/amd64/server/libjvm.so
7f7343b99000-7f7343d99000 ---p 00cc0000 08:11 936645                     /usr/lib/jvm/java-8-oracle/jre/lib/amd64/server/libjvm.so
7f7343d99000-7f7343e71000 rw-p 00cc0000 08:11 936645                     /usr/lib/jvm/java-8-oracle/jre/lib/amd64/server/libjvm.so
7f7343e71000-7f7343ebc000 rw-p 00000000 00:00 0 
7f7343ebc000-7f7344076000 r-xp 00000000 08:11 279550                     /lib/x86_64-linux-gnu/libc-2.19.so
7f7344076000-7f7344276000 ---p 001ba000 08:11 279550                     /lib/x86_64-linux-gnu/libc-2.19.so
7f7344276000-7f734427a000 r--p 001ba000 08:11 279550                     /lib/x86_64-linux-gnu/libc-2.19.so
7f734427a000-7f734427c000 rw-p 001be000 08:11 279550                     /lib/x86_64-linux-gnu/libc-2.19.so
7f734427c000-7f7344281000 rw-p 00000000 00:00 0 
7f7344281000-7f7344284000 r-xp 00000000 08:11 279447                     /lib/x86_64-linux-gnu/libdl-2.19.so
7f7344284000-7f7344483000 ---p 00003000 08:11 279447                     /lib/x86_64-linux-gnu/libdl-2.19.so
7f7344483000-7f7344484000 r--p 00002000 08:11 279447                     /lib/x86_64-linux-gnu/libdl-2.19.so
7f7344484000-7f7344485000 rw-p 00003000 08:11 279447                     /lib/x86_64-linux-gnu/libdl-2.19.so
7f7344485000-7f734449a000 r-xp 00000000 08:11 1070838                    /usr/lib/jvm/java-8-oracle/lib/amd64/jli/libjli.so
7f734449a000-7f734469a000 ---p 00015000 08:11 1070838                    /usr/lib/jvm/java-8-oracle/lib/amd64/jli/libjli.so
7f734469a000-7f734469b000 rw-p 00015000 08:11 1070838                    /usr/lib/jvm/java-8-oracle/lib/amd64/jli/libjli.so
7f734469b000-7f73446b4000 r-xp 00000000 08:11 279526                     /lib/x86_64-linux-gnu/libpthread-2.19.so
7f73446b4000-7f73448b3000 ---p 00019000 08:11 279526                     /lib/x86_64-linux-gnu/libpthread-2.19.so
7f73448b3000-7f73448b4000 r--p 00018000 08:11 279526                     /lib/x86_64-linux-gnu/libpthread-2.19.so
7f73448b4000-7f73448b5000 rw-p 00019000 08:11 279526                     /lib/x86_64-linux-gnu/libpthread-2.19.so
7f73448b5000-7f73448b9000 rw-p 00000000 00:00 0 
7f73448b9000-7f73448dc000 r-xp 00000000 08:11 279527                     /lib/x86_64-linux-gnu/ld-2.19.so
7f73448dc000-7f73448de000 r--s 00000000 08:11 409621                     /var/cache/fontconfig/4b14b093aebc79c320de5e86ae1d3314-le64.cache-4
7f73448de000-7f73448e0000 r--s 00000000 08:11 394936                     /var/cache/fontconfig/e8d703157d3641d20c7e900be2e8d091-le64.cache-4
7f73448e0000-7f73448e2000 r--s 00000000 08:11 394912                     /var/cache/fontconfig/6a6dfed4a7d1e4367ef225093de82110-le64.cache-4
7f73448e2000-7f73448e6000 r--s 00000000 08:11 407969                     /var/cache/fontconfig/7ef2298fde41cc6eeb7af42e48b7d293-le64.cache-4
7f73448e6000-7f73448ea000 r--s 00000000 08:11 1178353                    /home/federico/.cache/fontconfig/3131276916df6e457d51ea4b5ddf09a6-le64.cache-4
7f73448ea000-7f73448f1000 r--s 00000000 08:11 806682                     /usr/lib/x86_64-linux-gnu/gconv/gconv-modules.cache
7f73448f1000-7f73449b2000 rw-p 00000000 00:00 0 
7f73449b2000-7f73449b5000 ---p 00000000 00:00 0 
7f73449b5000-7f7344ab7000 rw-p 00000000 00:00 0 
7f7344ab7000-7f7344ab8000 r--s 00000000 08:11 394895                     /var/cache/fontconfig/0c9eb80ebd1c36541ebe2852d3bb0c49-le64.cache-4
7f7344ab8000-7f7344ab9000 r--s 00000000 08:11 394891                     /var/cache/fontconfig/0506017f1240826ed812c3e90c95875e-le64.cache-4
7f7344ab9000-7f7344ac0000 r--s 00094000 08:11 1213429                    /home/federico/.m2/repository/org/jdesktop/beansbinding/1.2.1/beansbinding-1.2.1.jar
7f7344ac0000-7f7344ac1000 r--s 00000000 08:11 1213427                    /home/federico/.m2/repository/unknown/binary/AbsoluteLayout/SNAPSHOT/AbsoluteLayout-SNAPSHOT.jar
7f7344ac1000-7f7344ac3000 r--s 0000b000 08:11 22563                      /home/federico/.m2/repository/org/objenesis/objenesis/2.4/objenesis-2.4.jar
7f7344ac3000-7f7344ac5000 r--s 0000b000 08:11 1195134                    /home/federico/.m2/repository/org/json/json/20160212/json-20160212.jar
7f7344ac5000-7f7344acf000 r--s 00116000 08:11 936690                     /usr/lib/jvm/java-8-oracle/jre/lib/ext/localedata.jar
7f7344acf000-7f7344ad7000 rw-s 00000000 00:15 86426                      /tmp/hsperfdata_federico/12196
7f7344ad7000-7f7344ad8000 rw-p 00000000 00:00 0 
7f7344ad8000-7f7344ad9000 ---p 00000000 00:00 0 
7f7344ad9000-7f7344adb000 rw-p 00000000 00:00 0 
7f7344adb000-7f7344adc000 r--p 00022000 08:11 279527                     /lib/x86_64-linux-gnu/ld-2.19.so
7f7344adc000-7f7344add000 rw-p 00023000 08:11 279527                     /lib/x86_64-linux-gnu/ld-2.19.so
7f7344add000-7f7344ade000 rw-p 00000000 00:00 0 
7ffc2c4a8000-7ffc2c4c9000 rw-p 00000000 00:00 0                          [stack]
7ffc2c5de000-7ffc2c5e0000 r--p 00000000 00:00 0                          [vvar]
7ffc2c5e0000-7ffc2c5e2000 r-xp 00000000 00:00 0                          [vdso]
ffffffffff600000-ffffffffff601000 r-xp 00000000 00:00 0                  [vsyscall]

VM Arguments:
java_command: it.polimi.ingsw.ps14.client.Client
java_class_path (initial): /home/federico/git/counciloffour/target/classes:/home/federico/.m2/repository/org/json/json/20160212/json-20160212.jar:/home/federico/.m2/repository/org/mockito/mockito-core/2.0.71-beta/mockito-core-2.0.71-beta.jar:/home/federico/.m2/repository/net/bytebuddy/byte-buddy/1.4.3/byte-buddy-1.4.3.jar:/home/federico/.m2/repository/org/objenesis/objenesis/2.4/objenesis-2.4.jar:/home/federico/.m2/repository/unknown/binary/AbsoluteLayout/SNAPSHOT/AbsoluteLayout-SNAPSHOT.jar:/home/federico/.m2/repository/org/jdesktop/beansbinding/1.2.1/beansbinding-1.2.1.jar
Launcher Type: SUN_STANDARD

Environment Variables:
JAVA_HOME=/usr/lib/jvm/java-8-oracle
PATH=/home/federico/.dropbox-bin:/usr/local/sbin:/usr/local/bin:/usr/sbin:/usr/bin:/sbin:/bin:/usr/games:/usr/local/games:/usr/lib/jvm/java-8-oracle/bin:/usr/lib/jvm/java-8-oracle/db/bin:/usr/lib/jvm/java-8-oracle/jre/bin
LD_LIBRARY_PATH=/usr/lib/jvm/java-8-oracle/jre/lib/amd64:/usr/lib/jvm/java-8-oracle/jre/lib/i386:
SHELL=/bin/bash
DISPLAY=:0

Signal Handlers:
SIGSEGV: [libjvm.so+0xabca10], sa_mask[0]=11111111011111111101111111111110, sa_flags=SA_RESTART|SA_SIGINFO
SIGBUS: [libjvm.so+0xabca10], sa_mask[0]=11111111011111111101111111111110, sa_flags=SA_RESTART|SA_SIGINFO
SIGFPE: [libjvm.so+0x919a20], sa_mask[0]=11111111011111111101111111111110, sa_flags=SA_RESTART|SA_SIGINFO
SIGPIPE: [libjvm.so+0x919a20], sa_mask[0]=11111111011111111101111111111110, sa_flags=SA_RESTART|SA_SIGINFO
SIGXFSZ: [libjvm.so+0x919a20], sa_mask[0]=11111111011111111101111111111110, sa_flags=SA_RESTART|SA_SIGINFO
SIGILL: [libjvm.so+0x919a20], sa_mask[0]=11111111011111111101111111111110, sa_flags=SA_RESTART|SA_SIGINFO
SIGUSR1: SIG_DFL, sa_mask[0]=00000000000000000000000000000000, sa_flags=none
SIGUSR2: [libjvm.so+0x91b050], sa_mask[0]=00100000000000000000000000000000, sa_flags=SA_RESTART|SA_SIGINFO
SIGHUP: [libjvm.so+0x91c450], sa_mask[0]=11111111011111111101111111111110, sa_flags=SA_RESTART|SA_SIGINFO
SIGINT: SIG_IGN, sa_mask[0]=00000000000000000000000000000000, sa_flags=none
SIGTERM: [libjvm.so+0x91c450], sa_mask[0]=11111111011111111101111111111110, sa_flags=SA_RESTART|SA_SIGINFO
SIGQUIT: [libjvm.so+0x91c450], sa_mask[0]=11111111011111111101111111111110, sa_flags=SA_RESTART|SA_SIGINFO


---------------  S Y S T E M  ---------------

OS:DISTRIB_ID="elementary OS"
DISTRIB_RELEASE=0.3.2
DISTRIB_CODENAME=freya
DISTRIB_DESCRIPTION="elementary OS Freya"

uname:Linux 3.19.0-61-generic #69~14.04.1-Ubuntu SMP Thu Jun 9 09:09:13 UTC 2016 x86_64
libc:glibc 2.19 NPTL 2.19 
rlimit: STACK 8192k, CORE 0k, NPROC 23542, NOFILE 4096, AS infinity
load average:3,78 1,29 0,69

/proc/meminfo:
MemTotal:        6057564 kB
MemFree:          164112 kB
MemAvailable:     151576 kB
Buffers:            2636 kB
Cached:           442568 kB
SwapCached:            0 kB
Active:          5312872 kB
Inactive:         375484 kB
Active(anon):    5259488 kB
Inactive(anon):   321164 kB
Active(file):      53384 kB
Inactive(file):    54320 kB
Unevictable:         208 kB
Mlocked:             208 kB
SwapTotal:             0 kB
SwapFree:              0 kB
Dirty:               184 kB
Writeback:             0 kB
AnonPages:       5243464 kB
Mapped:           180388 kB
Shmem:            337400 kB
Slab:              69984 kB
SReclaimable:      36152 kB
SUnreclaim:        33832 kB
KernelStack:       12448 kB
PageTables:        45520 kB
NFS_Unstable:          0 kB
Bounce:                0 kB
WritebackTmp:          0 kB
CommitLimit:     3028780 kB
Committed_AS:   10154564 kB
VmallocTotal:   34359738367 kB
VmallocUsed:      563476 kB
VmallocChunk:   34359167484 kB
HardwareCorrupted:     0 kB
AnonHugePages:   2797568 kB
CmaTotal:              0 kB
CmaFree:               0 kB
HugePages_Total:       0
HugePages_Free:        0
HugePages_Rsvd:        0
HugePages_Surp:        0
Hugepagesize:       2048 kB
DirectMap4k:      168192 kB
DirectMap2M:     6070272 kB


CPU:total 4 (2 cores per cpu, 2 threads per core) family 6 model 42 stepping 7, cmov, cx8, fxsr, mmx, sse, sse2, sse3, ssse3, sse4.1, sse4.2, popcnt, avx, aes, clmul, ht, tsc, tscinvbit

/proc/cpuinfo:
processor	: 0
vendor_id	: GenuineIntel
cpu family	: 6
model		: 42
model name	: Intel(R) Core(TM) i5-2430M CPU @ 2.40GHz
stepping	: 7
microcode	: 0x25
cpu MHz		: 1180.406
cache size	: 3072 KB
physical id	: 0
siblings	: 4
core id		: 0
cpu cores	: 2
apicid		: 0
initial apicid	: 0
fpu		: yes
fpu_exception	: yes
cpuid level	: 13
wp		: yes
flags		: fpu vme de pse tsc msr pae mce cx8 apic sep mtrr pge mca cmov pat pse36 clflush dts acpi mmx fxsr sse sse2 ss ht tm pbe syscall nx rdtscp lm constant_tsc arch_perfmon pebs bts rep_good nopl xtopology nonstop_tsc aperfmperf eagerfpu pni pclmulqdq dtes64 monitor ds_cpl vmx est tm2 ssse3 cx16 xtpr pdcm pcid sse4_1 sse4_2 x2apic popcnt tsc_deadline_timer aes xsave avx lahf_lm ida arat epb pln pts dtherm tpr_shadow vnmi flexpriority ept vpid xsaveopt
bugs		:
bogomips	: 4789.28
clflush size	: 64
cache_alignment	: 64
address sizes	: 36 bits physical, 48 bits virtual
power management:

processor	: 1
vendor_id	: GenuineIntel
cpu family	: 6
model		: 42
model name	: Intel(R) Core(TM) i5-2430M CPU @ 2.40GHz
stepping	: 7
microcode	: 0x25
cpu MHz		: 1816.593
cache size	: 3072 KB
physical id	: 0
siblings	: 4
core id		: 0
cpu cores	: 2
apicid		: 1
initial apicid	: 1
fpu		: yes
fpu_exception	: yes
cpuid level	: 13
wp		: yes
flags		: fpu vme de pse tsc msr pae mce cx8 apic sep mtrr pge mca cmov pat pse36 clflush dts acpi mmx fxsr sse sse2 ss ht tm pbe syscall nx rdtscp lm constant_tsc arch_perfmon pebs bts rep_good nopl xtopology nonstop_tsc aperfmperf eagerfpu pni pclmulqdq dtes64 monitor ds_cpl vmx est tm2 ssse3 cx16 xtpr pdcm pcid sse4_1 sse4_2 x2apic popcnt tsc_deadline_timer aes xsave avx lahf_lm ida arat epb pln pts dtherm tpr_shadow vnmi flexpriority ept vpid xsaveopt
bugs		:
bogomips	: 4789.28
clflush size	: 64
cache_alignment	: 64
address sizes	: 36 bits physical, 48 bits virtual
power management:

processor	: 2
vendor_id	: GenuineIntel
cpu family	: 6
model		: 42
model name	: Intel(R) Core(TM) i5-2430M CPU @ 2.40GHz
stepping	: 7
microcode	: 0x25
cpu MHz		: 2157.937
cache size	: 3072 KB
physical id	: 0
siblings	: 4
core id		: 1
cpu cores	: 2
apicid		: 2
initial apicid	: 2
fpu		: yes
fpu_exception	: yes
cpuid level	: 13
wp		: yes
flags		: fpu vme de pse tsc msr pae mce cx8 apic sep mtrr pge mca cmov pat pse36 clflush dts acpi mmx fxsr sse sse2 ss ht tm pbe syscall nx rdtscp lm constant_tsc arch_perfmon pebs bts rep_good nopl xtopology nonstop_tsc aperfmperf eagerfpu pni pclmulqdq dtes64 monitor ds_cpl vmx est tm2 ssse3 cx16 xtpr pdcm pcid sse4_1 sse4_2 x2apic popcnt tsc_deadline_timer aes xsave avx lahf_lm ida arat epb pln pts dtherm tpr_shadow vnmi flexpriority ept vpid xsaveopt
bugs		:
bogomips	: 4789.28
clflush size	: 64
cache_alignment	: 64
address sizes	: 36 bits physical, 48 bits virtual
power management:

processor	: 3
vendor_id	: GenuineIntel
cpu family	: 6
model		: 42
model name	: Intel(R) Core(TM) i5-2430M CPU @ 2.40GHz
stepping	: 7
microcode	: 0x25
cpu MHz		: 932.437
cache size	: 3072 KB
physical id	: 0
siblings	: 4
core id		: 1
cpu cores	: 2
apicid		: 3
initial apicid	: 3
fpu		: yes
fpu_exception	: yes
cpuid level	: 13
wp		: yes
flags		: fpu vme de pse tsc msr pae mce cx8 apic sep mtrr pge mca cmov pat pse36 clflush dts acpi mmx fxsr sse sse2 ss ht tm pbe syscall nx rdtscp lm constant_tsc arch_perfmon pebs bts rep_good nopl xtopology nonstop_tsc aperfmperf eagerfpu pni pclmulqdq dtes64 monitor ds_cpl vmx est tm2 ssse3 cx16 xtpr pdcm pcid sse4_1 sse4_2 x2apic popcnt tsc_deadline_timer aes xsave avx lahf_lm ida arat epb pln pts dtherm tpr_shadow vnmi flexpriority ept vpid xsaveopt
bugs		:
bogomips	: 4789.28
clflush size	: 64
cache_alignment	: 64
address sizes	: 36 bits physical, 48 bits virtual
power management:



Memory: 4k page, physical 6057564k(163988k free), swap 0k(0k free)

vm_info: Java HotSpot(TM) 64-Bit Server VM (25.91-b14) for linux-amd64 JRE (1.8.0_91-b14), built on Apr  1 2016 00:57:21 by "java_re" with gcc 4.3.0 20080428 (Red Hat 4.3.0-8)

time: Wed Jul  6 12:25:04 2016
elapsed time: 68 seconds (0d 0h 1m 8s)

