#
# There is insufficient memory for the Java Runtime Environment to continue.
# Native memory allocation (mmap) failed to map 213909504 bytes for committing reserved memory.
# Possible reasons:
#   The system is out of physical RAM or swap space
#   In 32 bit mode, the process size limit was hit
# Possible solutions:
#   Reduce memory load on the system
#   Increase physical memory or swap space
#   Check if swap backing store is full
#   Use 64 bit Java on a 64 bit OS
#   Decrease Java heap size (-Xmx/-Xms)
#   Decrease number of Java threads
#   Decrease Java thread stack sizes (-Xss)
#   Set larger code cache with -XX:ReservedCodeCacheSize=
# This output file may be truncated or incomplete.
#
#  Out of Memory Error (os_linux.cpp:2627), pid=12140, tid=140192207677184
#
# JRE version: Java(TM) SE Runtime Environment (8.0_91-b14) (build 1.8.0_91-b14)
# Java VM: Java HotSpot(TM) 64-Bit Server VM (25.91-b14 mixed mode linux-amd64 compressed oops)
# Failed to write core dump. Core dumps have been disabled. To enable core dumping, try "ulimit -c unlimited" before starting Java again
#

---------------  T H R E A D  ---------------

Current thread (0x00007f8124078000):  VMThread [stack: 0x00007f810aad2000,0x00007f810abd3000] [id=12149]

Stack: [0x00007f810aad2000,0x00007f810abd3000],  sp=0x00007f810abd1360,  free space=1020k
Native frames: (J=compiled Java code, j=interpreted, Vv=VM code, C=native code)
V  [libjvm.so+0xabc18a]  VMError::report_and_die()+0x2ba
V  [libjvm.so+0x4fafeb]  report_vm_out_of_memory(char const*, int, unsigned long, VMErrorType, char const*)+0x8b
V  [libjvm.so+0x91cbb3]  os::Linux::commit_memory_impl(char*, unsigned long, bool)+0x103
V  [libjvm.so+0x91d109]  os::pd_commit_memory(char*, unsigned long, unsigned long, bool)+0x29
V  [libjvm.so+0x91740a]  os::commit_memory(char*, unsigned long, unsigned long, bool)+0x2a
V  [libjvm.so+0x98b033]  PSVirtualSpace::expand_by(unsigned long)+0x53
V  [libjvm.so+0x97b920]  PSOldGen::expand(unsigned long)+0x170
V  [libjvm.so+0x97bb2b]  PSOldGen::resize(unsigned long)+0x1cb
V  [libjvm.so+0x983801]  PSParallelCompact::invoke_no_policy(bool)+0x991
V  [libjvm.so+0x98915d]  PSScavenge::invoke()+0x1ad
V  [libjvm.so+0x9408b0]  ParallelScavengeHeap::failed_mem_allocate(unsigned long)+0x70
V  [libjvm.so+0xabdba7]  VM_ParallelGCFailedAllocation::doit()+0x97
V  [libjvm.so+0xac55d5]  VM_Operation::evaluate()+0x55
V  [libjvm.so+0xac39aa]  VMThread::evaluate_operation(VM_Operation*)+0xba
V  [libjvm.so+0xac3d2e]  VMThread::loop()+0x1ce
V  [libjvm.so+0xac41a0]  VMThread::run()+0x70
V  [libjvm.so+0x91ef78]  java_start(Thread*)+0x108

VM_Operation (0x00007f80f9c6c9e0): ParallelGCFailedAllocation, mode: safepoint, requested by thread 0x00007f80b8070000


---------------  P R O C E S S  ---------------

Java Threads: ( => current thread )
  0x00007f80c8004000 JavaThread "RMI TCP Connection(idle)" daemon [_thread_blocked, id=12315, stack(0x00007f80f85d0000,0x00007f80f86d1000)]
  0x00007f80b807b000 JavaThread "Timer-1" daemon [_thread_blocked, id=12313, stack(0x00007f80f86d1000,0x00007f80f87d2000)]
  0x00007f80c8003000 JavaThread "RMI TCP Connection(idle)" daemon [_thread_blocked, id=12290, stack(0x00007f80fa813000,0x00007f80fa914000)]
  0x00007f80a80a0000 JavaThread "TimerQueue" daemon [_thread_blocked, id=12172, stack(0x00007f80f91de000,0x00007f80f92df000)]
  0x00007f80b8070000 JavaThread "AWT-EventQueue-0" [_thread_blocked, id=12170, stack(0x00007f80f9b70000,0x00007f80f9c71000)]
  0x00007f80b8069000 JavaThread "AWT-Shutdown" [_thread_blocked, id=12169, stack(0x00007f80f9c71000,0x00007f80f9d72000)]
  0x00007f80b8064800 JavaThread "AWT-XAWT" daemon [_thread_blocked, id=12168, stack(0x00007f80f9d72000,0x00007f80f9e73000)]
  0x00007f80b8044800 JavaThread "Java2D Disposer" daemon [_thread_blocked, id=12167, stack(0x00007f80fa283000,0x00007f80fa384000)]
  0x00007f812400a000 JavaThread "DestroyJavaVM" [_thread_blocked, id=12144, stack(0x00007f812a240000,0x00007f812a341000)]
  0x00007f80c0002800 JavaThread "Thread-1" daemon [_thread_blocked, id=12165, stack(0x00007f80fa914000,0x00007f80faa15000)]
  0x00007f80c8001000 JavaThread "RMI TCP Connection(1)-127.0.0.1" daemon [_thread_blocked, id=12164, stack(0x00007f80faa15000,0x00007f80fab16000)]
  0x00007f8124278000 JavaThread "RMI Reaper" [_thread_blocked, id=12162, stack(0x00007f80fab16000,0x00007f80fac17000)]
  0x00007f8124276800 JavaThread "RMI TCP Accept-0" daemon [_thread_in_native, id=12161, stack(0x00007f810802d000,0x00007f810812e000)]
  0x00007f8124261800 JavaThread "GC Daemon" daemon [_thread_blocked, id=12160, stack(0x00007f8108423000,0x00007f8108524000)]
  0x00007f812425c000 JavaThread "RMI RenewClean-[127.0.1.1:33907]" daemon [_thread_blocked, id=12159, stack(0x00007f8108524000,0x00007f8108625000)]
  0x00007f812425a000 JavaThread "RMI Scheduler(0)" daemon [_thread_blocked, id=12158, stack(0x00007f8108625000,0x00007f8108726000)]
  0x00007f81240c0800 JavaThread "Service Thread" daemon [_thread_blocked, id=12156, stack(0x00007f8108ad3000,0x00007f8108bd4000)]
  0x00007f81240bd800 JavaThread "C1 CompilerThread2" daemon [_thread_blocked, id=12155, stack(0x00007f8108bd4000,0x00007f8108cd5000)]
  0x00007f81240bb800 JavaThread "C2 CompilerThread1" daemon [_thread_blocked, id=12154, stack(0x00007f8108cd5000,0x00007f8108dd6000)]
  0x00007f81240b8800 JavaThread "C2 CompilerThread0" daemon [_thread_blocked, id=12153, stack(0x00007f8108dd6000,0x00007f8108ed7000)]
  0x00007f81240b7000 JavaThread "Signal Dispatcher" daemon [_thread_blocked, id=12152, stack(0x00007f8108ed7000,0x00007f8108fd8000)]
  0x00007f8124084000 JavaThread "Finalizer" daemon [_thread_blocked, id=12151, stack(0x00007f810a8d0000,0x00007f810a9d1000)]
  0x00007f812407f800 JavaThread "Reference Handler" daemon [_thread_blocked, id=12150, stack(0x00007f810a9d1000,0x00007f810aad2000)]

Other Threads:
=>0x00007f8124078000 VMThread [stack: 0x00007f810aad2000,0x00007f810abd3000] [id=12149]
  0x00007f81240c3800 WatcherThread [stack: 0x00007f81089d2000,0x00007f8108ad3000] [id=12157]

VM state:at safepoint (normal execution)

VM Mutex/Monitor currently owned by a thread:  ([mutex/lock_event])
[0x00007f8124005bd0] ExpandHeap_lock - owner thread: 0x00007f8124078000
[0x00007f8124006250] Threads_lock - owner thread: 0x00007f8124078000
[0x00007f8124006750] Heap_lock - owner thread: 0x00007f80b8070000

Heap:
 PSYoungGen      total 336896K, used 29490K [0x00000000e1300000, 0x0000000100000000, 0x0000000100000000)
  eden space 168960K, 0% used [0x00000000e1300000,0x00000000e1300000,0x00000000eb800000)
  from space 167936K, 17% used [0x00000000eb800000,0x00000000ed4cca30,0x00000000f5c00000)
  to   space 167936K, 0% used [0x00000000f5c00000,0x00000000f5c00000,0x0000000100000000)
 ParOldGen       total 617984K, used 617532K [0x00000000a3800000, 0x00000000c9380000, 0x00000000e1300000)
  object space 617984K, 99% used [0x00000000a3800000,0x00000000c930f338,0x00000000c9380000)
 Metaspace       used 17415K, capacity 17728K, committed 18048K, reserved 1064960K
  class space    used 2067K, capacity 2163K, committed 2176K, reserved 1048576K

Card table byte_map: [0x00007f8113cd9000,0x00007f8113fbe000] byte_map_base: 0x00007f81137bd000

Marking Bits: (ParMarkBitMap*) 0x00007f812971dd60
 Begin Bits: [0x00007f81108a7000, 0x00007f8111fc7000)
 End Bits:   [0x00007f8111fc7000, 0x00007f81136e7000)

Polling page: 0x00007f812a366000

CodeCache: size=245760Kb used=5507Kb max_used=5509Kb free=240252Kb
 bounds [0x00007f811437e000, 0x00007f81148ee000, 0x00007f812337e000]
 total_blobs=2250 nmethods=1643 adapters=520
 compilation: enabled

Compilation events (10 events):
Event: 55,142 Thread 0x00007f81240bd800 1767       3       java.io.ObjectStreamClass::forClass (52 bytes)
Event: 55,145 Thread 0x00007f81240bd800 nmethod 1767 0x00007f81148da990 code [0x00007f81148dace0, 0x00007f81148dc8e8]
Event: 69,783 Thread 0x00007f81240bd800 1768       3       java.io.ObjectStreamClass::isExternalizable (9 bytes)
Event: 69,784 Thread 0x00007f81240bd800 nmethod 1768 0x00007f81148d2d90 code [0x00007f81148d2f20, 0x00007f81148d31a8]
Event: 69,784 Thread 0x00007f81240bd800 1769       3       java.io.ObjectStreamClass::getClassDataLayout (20 bytes)
Event: 69,784 Thread 0x00007f81240bd800 nmethod 1769 0x00007f8114568090 code [0x00007f8114568200, 0x00007f8114568408]
Event: 71,787 Thread 0x00007f81240bd800 1770       3       java.io.ObjectOutputStream$HandleTable::lookup (56 bytes)
Event: 71,787 Thread 0x00007f81240bd800 nmethod 1770 0x00007f81148d2550 code [0x00007f81148d26e0, 0x00007f81148d2aa8]
Event: 74,273 Thread 0x00007f81240bd800 1771       3       java.io.ObjectStreamField::getTypeCode (9 bytes)
Event: 74,497 Thread 0x00007f81240bd800 nmethod 1771 0x00007f811449b510 code [0x00007f811449b6a0, 0x00007f811449ba28]

GC Heap History (10 events):
Event: 69,597 GC heap after
Heap after GC invocations=29 (full 6):
 PSYoungGen      total 379904K, used 124928K [0x00000000e1300000, 0x0000000100000000, 0x0000000100000000)
  eden space 254976K, 0% used [0x00000000e1300000,0x00000000e1300000,0x00000000f0c00000)
  from space 124928K, 100% used [0x00000000f0c00000,0x00000000f8600000,0x00000000f8600000)
  to   space 124928K, 0% used [0x00000000f8600000,0x00000000f8600000,0x0000000100000000)
 ParOldGen       total 617984K, used 435344K [0x00000000a3800000, 0x00000000c9380000, 0x00000000e1300000)
  object space 617984K, 70% used [0x00000000a3800000,0x00000000be124330,0x00000000c9380000)
 Metaspace       used 17412K, capacity 17728K, committed 18048K, reserved 1064960K
  class space    used 2067K, capacity 2163K, committed 2176K, reserved 1048576K
}
Event: 70,659 GC heap before
{Heap before GC invocations=30 (full 6):
 PSYoungGen      total 379904K, used 379904K [0x00000000e1300000, 0x0000000100000000, 0x0000000100000000)
  eden space 254976K, 100% used [0x00000000e1300000,0x00000000f0c00000,0x00000000f0c00000)
  from space 124928K, 100% used [0x00000000f0c00000,0x00000000f8600000,0x00000000f8600000)
  to   space 124928K, 0% used [0x00000000f8600000,0x00000000f8600000,0x0000000100000000)
 ParOldGen       total 617984K, used 435344K [0x00000000a3800000, 0x00000000c9380000, 0x00000000e1300000)
  object space 617984K, 70% used [0x00000000a3800000,0x00000000be124330,0x00000000c9380000)
 Metaspace       used 17414K, capacity 17728K, committed 18048K, reserved 1064960K
  class space    used 2067K, capacity 2163K, committed 2176K, reserved 1048576K
Event: 71,114 GC heap after
Heap after GC invocations=30 (full 6):
 PSYoungGen      total 293888K, used 124928K [0x00000000e1300000, 0x0000000100000000, 0x0000000100000000)
  eden space 168960K, 0% used [0x00000000e1300000,0x00000000e1300000,0x00000000eb800000)
  from space 124928K, 100% used [0x00000000f8600000,0x0000000100000000,0x0000000100000000)
  to   space 167936K, 0% used [0x00000000eb800000,0x00000000eb800000,0x00000000f5c00000)
 ParOldGen       total 617984K, used 468304K [0x00000000a3800000, 0x00000000c9380000, 0x00000000e1300000)
  object space 617984K, 75% used [0x00000000a3800000,0x00000000c0154330,0x00000000c9380000)
 Metaspace       used 17414K, capacity 17728K, committed 18048K, reserved 1064960K
  class space    used 2067K, capacity 2163K, committed 2176K, reserved 1048576K
}
Event: 71,872 GC heap before
{Heap before GC invocations=31 (full 6):
 PSYoungGen      total 293888K, used 293888K [0x00000000e1300000, 0x0000000100000000, 0x0000000100000000)
  eden space 168960K, 100% used [0x00000000e1300000,0x00000000eb800000,0x00000000eb800000)
  from space 124928K, 100% used [0x00000000f8600000,0x0000000100000000,0x0000000100000000)
  to   space 167936K, 0% used [0x00000000eb800000,0x00000000eb800000,0x00000000f5c00000)
 ParOldGen       total 617984K, used 468304K [0x00000000a3800000, 0x00000000c9380000, 0x00000000e1300000)
  object space 617984K, 75% used [0x00000000a3800000,0x00000000c0154330,0x00000000c9380000)
 Metaspace       used 17415K, capacity 17728K, committed 18048K, reserved 1064960K
  class space    used 2067K, capacity 2163K, committed 2176K, reserved 1048576K
Event: 72,164 GC heap after
Heap after GC invocations=31 (full 6):
 PSYoungGen      total 336896K, used 85088K [0x00000000e1300000, 0x0000000100000000, 0x0000000100000000)
  eden space 168960K, 0% used [0x00000000e1300000,0x00000000e1300000,0x00000000eb800000)
  from space 167936K, 50% used [0x00000000eb800000,0x00000000f0b18000,0x00000000f5c00000)
  to   space 167936K, 0% used [0x00000000f5c00000,0x00000000f5c00000,0x0000000100000000)
 ParOldGen       total 617984K, used 528200K [0x00000000a3800000, 0x00000000c9380000, 0x00000000e1300000)
  object space 617984K, 85% used [0x00000000a3800000,0x00000000c3bd2330,0x00000000c9380000)
 Metaspace       used 17415K, capacity 17728K, committed 18048K, reserved 1064960K
  class space    used 2067K, capacity 2163K, committed 2176K, reserved 1048576K
}
Event: 72,944 GC heap before
{Heap before GC invocations=32 (full 6):
 PSYoungGen      total 336896K, used 254048K [0x00000000e1300000, 0x0000000100000000, 0x0000000100000000)
  eden space 168960K, 100% used [0x00000000e1300000,0x00000000eb800000,0x00000000eb800000)
  from space 167936K, 50% used [0x00000000eb800000,0x00000000f0b18000,0x00000000f5c00000)
  to   space 167936K, 0% used [0x00000000f5c00000,0x00000000f5c00000,0x0000000100000000)
 ParOldGen       total 617984K, used 528200K [0x00000000a3800000, 0x00000000c9380000, 0x00000000e1300000)
  object space 617984K, 85% used [0x00000000a3800000,0x00000000c3bd2330,0x00000000c9380000)
 Metaspace       used 17415K, capacity 17728K, committed 18048K, reserved 1064960K
  class space    used 2067K, capacity 2163K, committed 2176K, reserved 1048576K
Event: 73,167 GC heap after
Heap after GC invocations=32 (full 6):
 PSYoungGen      total 336896K, used 103520K [0x00000000e1300000, 0x0000000100000000, 0x0000000100000000)
  eden space 168960K, 0% used [0x00000000e1300000,0x00000000e1300000,0x00000000eb800000)
  from space 167936K, 61% used [0x00000000f5c00000,0x00000000fc118000,0x0000000100000000)
  to   space 167936K, 0% used [0x00000000eb800000,0x00000000eb800000,0x00000000f5c00000)
 ParOldGen       total 617984K, used 528200K [0x00000000a3800000, 0x00000000c9380000, 0x00000000e1300000)
  object space 617984K, 85% used [0x00000000a3800000,0x00000000c3bd2330,0x00000000c9380000)
 Metaspace       used 17415K, capacity 17728K, committed 18048K, reserved 1064960K
  class space    used 2067K, capacity 2163K, committed 2176K, reserved 1048576K
}
Event: 74,526 GC heap before
{Heap before GC invocations=33 (full 6):
 PSYoungGen      total 336896K, used 272480K [0x00000000e1300000, 0x0000000100000000, 0x0000000100000000)
  eden space 168960K, 100% used [0x00000000e1300000,0x00000000eb800000,0x00000000eb800000)
  from space 167936K, 61% used [0x00000000f5c00000,0x00000000fc118000,0x0000000100000000)
  to   space 167936K, 0% used [0x00000000eb800000,0x00000000eb800000,0x00000000f5c00000)
 ParOldGen       total 617984K, used 528200K [0x00000000a3800000, 0x00000000c9380000, 0x00000000e1300000)
  object space 617984K, 85% used [0x00000000a3800000,0x00000000c3bd2330,0x00000000c9380000)
 Metaspace       used 17415K, capacity 17728K, committed 18048K, reserved 1064960K
  class space    used 2067K, capacity 2163K, committed 2176K, reserved 1048576K
Event: 74,939 GC heap after
Heap after GC invocations=33 (full 6):
 PSYoungGen      total 336896K, used 103360K [0x00000000e1300000, 0x0000000100000000, 0x0000000100000000)
  eden space 168960K, 0% used [0x00000000e1300000,0x00000000e1300000,0x00000000eb800000)
  from space 167936K, 61% used [0x00000000eb800000,0x00000000f1cf0000,0x00000000f5c00000)
  to   space 167936K, 0% used [0x00000000f5c00000,0x00000000f5c00000,0x0000000100000000)
 ParOldGen       total 617984K, used 560696K [0x00000000a3800000, 0x00000000c9380000, 0x00000000e1300000)
  object space 617984K, 90% used [0x00000000a3800000,0x00000000c5b8e330,0x00000000c9380000)
 Metaspace       used 17415K, capacity 17728K, committed 18048K, reserved 1064960K
  class space    used 2067K, capacity 2163K, committed 2176K, reserved 1048576K
}
Event: 74,939 GC heap before
{Heap before GC invocations=34 (full 7):
 PSYoungGen      total 336896K, used 103360K [0x00000000e1300000, 0x0000000100000000, 0x0000000100000000)
  eden space 168960K, 0% used [0x00000000e1300000,0x00000000e1300000,0x00000000eb800000)
  from space 167936K, 61% used [0x00000000eb800000,0x00000000f1cf0000,0x00000000f5c00000)
  to   space 167936K, 0% used [0x00000000f5c00000,0x00000000f5c00000,0x0000000100000000)
 ParOldGen       total 617984K, used 560696K [0x00000000a3800000, 0x00000000c9380000, 0x00000000e1300000)
  object space 617984K, 90% used [0x00000000a3800000,0x00000000c5b8e330,0x00000000c9380000)
 Metaspace       used 17415K, capacity 17728K, committed 18048K, reserved 1064960K
  class space    used 2067K, capacity 2163K, committed 2176K, reserved 1048576K

Deoptimization events (10 events):
Event: 49,623 Thread 0x00007f80c8001000 Uncommon trap: reason=unstable_if action=reinterpret pc=0x00007f81148b9d50 method=sun.awt.PostEventQueue.flush()V @ 23
Event: 49,623 Thread 0x00007f80b8070000 Uncommon trap: reason=class_check action=maybe_recompile pc=0x00007f8114550890 method=java.awt.EventQueue.coalesceEvent(Ljava/awt/AWTEvent;I)Z @ 13
Event: 49,632 Thread 0x00007f80c8001000 Uncommon trap: reason=unstable_if action=reinterpret pc=0x00007f81147fb77c method=java.awt.EventQueue.getPriority(Ljava/awt/AWTEvent;)I @ 64
Event: 49,632 Thread 0x00007f80c8001000 Uncommon trap: reason=class_check action=maybe_recompile pc=0x00007f8114550890 method=java.awt.EventQueue.coalesceEvent(Ljava/awt/AWTEvent;I)Z @ 13
Event: 49,637 Thread 0x00007f80b8070000 Uncommon trap: reason=class_check action=maybe_recompile pc=0x00007f8114615514 method=java.awt.EventQueue.coalesceEvent(Ljava/awt/AWTEvent;I)Z @ 13
Event: 49,637 Thread 0x00007f80b8070000 Uncommon trap: reason=speculate_class_check action=maybe_recompile pc=0x00007f8114564648 method=java.awt.EventQueue.eventToCacheIndex(Ljava/awt/AWTEvent;)I @ 68
Event: 49,637 Thread 0x00007f80b8070000 Uncommon trap: reason=speculate_class_check action=maybe_recompile pc=0x00007f81145aca94 method=java.awt.EventQueue.eventToCacheIndex(Ljava/awt/AWTEvent;)I @ 68
Event: 49,646 Thread 0x00007f80c8001000 Uncommon trap: reason=class_check action=maybe_recompile pc=0x00007f811462ef8c method=java.awt.EventQueue.coalesceEvent(Ljava/awt/AWTEvent;I)Z @ 32
Event: 49,652 Thread 0x00007f80b8070000 Uncommon trap: reason=class_check action=maybe_recompile pc=0x00007f811462ef8c method=java.awt.EventQueue.coalesceEvent(Ljava/awt/AWTEvent;I)Z @ 32
Event: 49,676 Thread 0x00007f80c8001000 Uncommon trap: reason=class_check action=maybe_recompile pc=0x00007f81148ce1c4 method=java.awt.EventQueue.coalesceEvent(Ljava/awt/AWTEvent;I)Z @ 32

Internal exceptions (10 events):
Event: 5,908 Thread 0x00007f812425c000 Exception <a 'java/lang/InterruptedException'> (0x00000000e137ae40) thrown at [/HUDSON/workspace/8-2-build-linux-amd64/jdk8u91/6644/hotspot/src/share/vm/runtime/objectMonitor.cpp, line 1684]
Event: 5,929 Thread 0x00007f812400a000 Exception <a 'java/io/FileNotFoundException'> (0x00000000e1475bb8) thrown at [/HUDSON/workspace/8-2-build-linux-amd64/jdk8u91/6644/hotspot/src/share/vm/prims/jni.cpp, line 709]
Event: 5,929 Thread 0x00007f812400a000 Exception <a 'java/io/FileNotFoundException'> (0x00000000e14765a0) thrown at [/HUDSON/workspace/8-2-build-linux-amd64/jdk8u91/6644/hotspot/src/share/vm/prims/jni.cpp, line 709]
Event: 6,044 Thread 0x00007f80b8070000 Implicit null exception at 0x00007f811455c475 to 0x00007f811455c7cd
Event: 6,045 Thread 0x00007f80b8070000 Implicit null exception at 0x00007f81145569f5 to 0x00007f8114556d41
Event: 6,048 Thread 0x00007f80b8070000 Implicit null exception at 0x00007f8114553bb5 to 0x00007f8114553da1
Event: 6,810 Thread 0x00007f80b8070000 Exception <a 'java/lang/UnsupportedOperationException': > (0x00000000e2883ba8) thrown at [/HUDSON/workspace/8-2-build-linux-amd64/jdk8u91/6644/hotspot/src/share/vm/prims/jni.cpp, line 735]
Event: 49,616 Thread 0x00007f80b8064800 Implicit null exception at 0x00007f81147ee3a4 to 0x00007f81147ee79d
Event: 49,616 Thread 0x00007f80b8064800 Implicit null exception at 0x00007f81145d8d51 to 0x00007f81145d902c
Event: 49,616 Thread 0x00007f80b8064800 Implicit null exception at 0x00007f8114896eef to 0x00007f8114897085

Events (10 events):
Event: 69,597 Executing VM operation: ParallelGCFailedAllocation done
Event: 70,655 Executing VM operation: ParallelGCFailedAllocation
Event: 71,114 Executing VM operation: ParallelGCFailedAllocation done
Event: 71,787 Thread 0x00007f81240bd800 flushing nmethod 0x00007f811449aa90
Event: 71,787 Thread 0x00007f81240bd800 flushing nmethod 0x00007f811449b2d0
Event: 71,872 Executing VM operation: ParallelGCFailedAllocation
Event: 72,165 Executing VM operation: ParallelGCFailedAllocation done
Event: 72,944 Executing VM operation: ParallelGCFailedAllocation
Event: 73,167 Executing VM operation: ParallelGCFailedAllocation done
Event: 74,518 Executing VM operation: ParallelGCFailedAllocation


Dynamic libraries:
00400000-00401000 r-xp 00000000 08:11 936380                             /usr/lib/jvm/java-8-oracle/bin/java
00600000-00601000 rw-p 00000000 08:11 936380                             /usr/lib/jvm/java-8-oracle/bin/java
008c3000-008e4000 rw-p 00000000 00:00 0                                  [heap]
a3800000-c9380000 rw-p 00000000 00:00 0 
d5f80000-e1300000 ---p 00000000 00:00 0 
e1300000-100000000 rw-p 00000000 00:00 0 
100000000-100220000 rw-p 00000000 00:00 0 
100220000-140000000 ---p 00000000 00:00 0 
7f8094000000-7f8094021000 rw-p 00000000 00:00 0 
7f8094021000-7f8098000000 ---p 00000000 00:00 0 
7f8098000000-7f8098021000 rw-p 00000000 00:00 0 
7f8098021000-7f809c000000 ---p 00000000 00:00 0 
7f809c000000-7f809c021000 rw-p 00000000 00:00 0 
7f809c021000-7f80a0000000 ---p 00000000 00:00 0 
7f80a0000000-7f80a0021000 rw-p 00000000 00:00 0 
7f80a0021000-7f80a4000000 ---p 00000000 00:00 0 
7f80a4000000-7f80a4021000 rw-p 00000000 00:00 0 
7f80a4021000-7f80a8000000 ---p 00000000 00:00 0 
7f80a8000000-7f80a841b000 rw-p 00000000 00:00 0 
7f80a841b000-7f80ac000000 ---p 00000000 00:00 0 
7f80ac000000-7f80ac021000 rw-p 00000000 00:00 0 
7f80ac021000-7f80b0000000 ---p 00000000 00:00 0 
7f80b0000000-7f80b002b000 rw-p 00000000 00:00 0 
7f80b002b000-7f80b4000000 ---p 00000000 00:00 0 
7f80b4000000-7f80b4021000 rw-p 00000000 00:00 0 
7f80b4021000-7f80b8000000 ---p 00000000 00:00 0 
7f80b8000000-7f80b81cd000 rw-p 00000000 00:00 0 
7f80b81cd000-7f80bc000000 ---p 00000000 00:00 0 
7f80bc000000-7f80bc021000 rw-p 00000000 00:00 0 
7f80bc021000-7f80c0000000 ---p 00000000 00:00 0 
7f80c0000000-7f80c0096000 rw-p 00000000 00:00 0 
7f80c0096000-7f80c4000000 ---p 00000000 00:00 0 
7f80c4000000-7f80c4021000 rw-p 00000000 00:00 0 
7f80c4021000-7f80c8000000 ---p 00000000 00:00 0 
7f80c8000000-7f80c8021000 rw-p 00000000 00:00 0 
7f80c8021000-7f80cc000000 ---p 00000000 00:00 0 
7f80cc000000-7f80cc021000 rw-p 00000000 00:00 0 
7f80cc021000-7f80d0000000 ---p 00000000 00:00 0 
7f80d0000000-7f80d0021000 rw-p 00000000 00:00 0 
7f80d0021000-7f80d4000000 ---p 00000000 00:00 0 
7f80d4000000-7f80d4021000 rw-p 00000000 00:00 0 
7f80d4021000-7f80d8000000 ---p 00000000 00:00 0 
7f80d8000000-7f80d8021000 rw-p 00000000 00:00 0 
7f80d8021000-7f80dc000000 ---p 00000000 00:00 0 
7f80dc000000-7f80dc682000 rw-p 00000000 00:00 0 
7f80dc682000-7f80e0000000 ---p 00000000 00:00 0 
7f80e0000000-7f80e046a000 rw-p 00000000 00:00 0 
7f80e046a000-7f80e4000000 ---p 00000000 00:00 0 
7f80e4000000-7f80e4021000 rw-p 00000000 00:00 0 
7f80e4021000-7f80e8000000 ---p 00000000 00:00 0 
7f80e8000000-7f80e85df000 rw-p 00000000 00:00 0 
7f80e85df000-7f80ec000000 ---p 00000000 00:00 0 
7f80ec000000-7f80ec021000 rw-p 00000000 00:00 0 
7f80ec021000-7f80f0000000 ---p 00000000 00:00 0 
7f80f0000000-7f80f0021000 rw-p 00000000 00:00 0 
7f80f0021000-7f80f4000000 ---p 00000000 00:00 0 
7f80f4000000-7f80f4021000 rw-p 00000000 00:00 0 
7f80f4021000-7f80f8000000 ---p 00000000 00:00 0 
7f80f83c3000-7f80f83c4000 r--s 00000000 08:11 409624                     /var/cache/fontconfig/c05880de57d1f5e948fdfacc138775d9-le64.cache-4
7f80f83c4000-7f80f83cf000 r--s 00000000 08:11 394918                     /var/cache/fontconfig/945677eb7aeaf62f1d50efc3fb3ec7d8-le64.cache-4
7f80f83cf000-7f80f83d8000 r--s 00000000 08:11 402997                     /var/cache/fontconfig/a6d8cf8e4ec09cdbc8633c31745a07dd-le64.cache-4
7f80f83d8000-7f80f83de000 r--s 00000000 08:11 394900                     /var/cache/fontconfig/2cd17615ca594fa2959ae173292e504c-le64.cache-4
7f80f83de000-7f80f83df000 r--s 00000000 08:11 394935                     /var/cache/fontconfig/e7071f4a29fa870f4323321c154eba04-le64.cache-4
7f80f83df000-7f80f83e0000 r--s 00000000 08:11 394896                     /var/cache/fontconfig/0d8c3b2ac0904cb8a57a757ad11a4a08-le64.cache-4
7f80f83e0000-7f80f83e7000 r--s 00000000 08:11 394921                     /var/cache/fontconfig/a755afe4a08bf5b97852ceb7400b47bc-le64.cache-4
7f80f83e7000-7f80f83fb000 r--s 00000000 08:11 394890                     /var/cache/fontconfig/04aabc0a78ac019cf9454389977116d2-le64.cache-4
7f80f83fb000-7f80f83fc000 r--s 00000000 08:11 394899                     /var/cache/fontconfig/1ac9eb803944fde146138c791f5cc56a-le64.cache-4
7f80f83fc000-7f80f8401000 r--s 00000000 08:11 394917                     /var/cache/fontconfig/eb48934c523a49add3824bfad8846c40-le64.cache-4
7f80f8401000-7f80f8406000 r--s 00000000 08:11 395342                     /var/cache/fontconfig/385c0604a188198f04d133e54aba7fe7-le64.cache-4
7f80f8406000-7f80f8407000 r--s 00000000 08:11 394932                     /var/cache/fontconfig/dc05db6664285cc2f12bf69c139ae4c3-le64.cache-4
7f80f8407000-7f80f840b000 r--s 00000000 08:11 394915                     /var/cache/fontconfig/7b79abe4499501fcd4e4826394083a53-le64.cache-4
7f80f840b000-7f80f840e000 r--s 00000000 08:11 394904                     /var/cache/fontconfig/3a9914ff62a69b32234685a84fdc926d-le64.cache-4
7f80f840e000-7f80f8410000 r--s 00000000 08:11 394914                     /var/cache/fontconfig/767a8244fc0220cfb567a839d0392e0b-le64.cache-4
7f80f8410000-7f80f8411000 r--s 00000000 08:11 394894                     /var/cache/fontconfig/0b41ebd278d9388cf5d83f81d476c672-le64.cache-4
7f80f8411000-7f80f8412000 r--s 00000000 08:11 409623                     /var/cache/fontconfig/4794a0821666d79190d59a36cb4f44b5-le64.cache-4
7f80f8412000-7f80f8416000 r--s 00000000 08:11 394937                     /var/cache/fontconfig/ea32c683f96734b73b6a7acf745d6442-le64.cache-4
7f80f8416000-7f80f841c000 r--s 00000000 08:11 402996                     /var/cache/fontconfig/8801497958630a81b71ace7c5f9b32a8-le64.cache-4
7f80f841c000-7f80f8457000 r--s 00000000 08:11 394931                     /var/cache/fontconfig/365b55f210c0a22e9a19e35191240f32-le64.cache-4
7f80f8457000-7f80f8458000 r--s 00000000 08:11 394922                     /var/cache/fontconfig/b036df7bbb72844893df6bcf5570ea7f-le64.cache-4
7f80f8458000-7f80f8459000 r--s 00000000 08:11 394909                     /var/cache/fontconfig/575107dd7452b4b2b2b1361909925bb4-le64.cache-4
7f80f8459000-7f80f8460000 r--s 00000000 08:11 394901                     /var/cache/fontconfig/3047814df9a2f067bd2d96a2b9c36e5a-le64.cache-4
7f80f8460000-7f80f8461000 r--s 00000000 08:11 394907                     /var/cache/fontconfig/56cf4f4769d0f4abc89a4895d7bd3ae1-le64.cache-4
7f80f8461000-7f80f8474000 r--s 00000000 08:11 394929                     /var/cache/fontconfig/d52a8644073d54c13679302ca1180695-le64.cache-4
7f80f85d0000-7f80f85d3000 ---p 00000000 00:00 0 
7f80f85d3000-7f80f86d1000 rw-p 00000000 00:00 0 
7f80f86d1000-7f80f86d4000 ---p 00000000 00:00 0 
7f80f86d4000-7f80f87d2000 rw-p 00000000 00:00 0 
7f80f87d2000-7f80f87d5000 ---p 00000000 00:00 0 
7f80f87d5000-7f80f88d3000 rw-p 00000000 00:00 0 
7f80f88d3000-7f80f8a12000 rw-s 00000000 00:05 9633795                    /SYSV00000000 (deleted)
7f80f8a88000-7f80f8c08000 rw-p 00000000 00:00 0 
7f80f8c08000-7f80f8c88000 ---p 00000000 00:00 0 
7f80f8fbb000-7f80f8fbc000 rw-p 00000000 00:00 0 
7f80f8fbc000-7f80f8fbe000 r--s 00000000 08:11 394897                     /var/cache/fontconfig/12888573d3e05bfbe41d0040af4efeaa-le64.cache-4
7f80f8fbe000-7f80f8fbf000 r--s 00000000 08:11 394925                     /var/cache/fontconfig/b9d506c9ac06c20b433354fa67a72993-le64.cache-4
7f80f8fbf000-7f80f8fc5000 r--s 00000000 08:11 394924                     /var/cache/fontconfig/b47c4e1ecd0709278f4910c18777a504-le64.cache-4
7f80f8fc5000-7f80f8fc8000 r--s 00000000 08:11 409622                     /var/cache/fontconfig/e49e89034d371f0f9de17aab02136486-le64.cache-4
7f80f8fc8000-7f80f8fca000 r--s 00000000 08:11 409621                     /var/cache/fontconfig/4b14b093aebc79c320de5e86ae1d3314-le64.cache-4
7f80f8fca000-7f80f8fd3000 r--s 00000000 08:11 394905                     /var/cache/fontconfig/3f7329c5293ffd510edef78f73874cfd-le64.cache-4
7f80f8fd3000-7f80f8fde000 r--s 00000000 08:11 403258                     /var/cache/fontconfig/d589a48862398ed80a3d6066f4f56f4c-le64.cache-4
7f80f8fde000-7f80f91de000 rw-p 00000000 00:00 0 
7f80f91de000-7f80f91e1000 ---p 00000000 00:00 0 
7f80f91e1000-7f80f92df000 rw-p 00000000 00:00 0 
7f80f92df000-7f80f9348000 r-xp 00000000 08:11 936595                     /usr/lib/jvm/java-8-oracle/jre/lib/amd64/libt2k.so
7f80f9348000-7f80f9548000 ---p 00069000 08:11 936595                     /usr/lib/jvm/java-8-oracle/jre/lib/amd64/libt2k.so
7f80f9548000-7f80f954f000 rw-p 00069000 08:11 936595                     /usr/lib/jvm/java-8-oracle/jre/lib/amd64/libt2k.so
7f80f954f000-7f80f955f000 rw-p 00000000 00:00 0 
7f80f955f000-7f80f9570000 r-xp 00000000 08:11 936653                     /usr/lib/jvm/java-8-oracle/jre/lib/amd64/libnio.so
7f80f9570000-7f80f976f000 ---p 00011000 08:11 936653                     /usr/lib/jvm/java-8-oracle/jre/lib/amd64/libnio.so
7f80f976f000-7f80f9770000 rw-p 00010000 08:11 936653                     /usr/lib/jvm/java-8-oracle/jre/lib/amd64/libnio.so
7f80f9770000-7f80f9970000 rw-p 00000000 00:00 0 
7f80f9970000-7f80f9b70000 rw-p 00000000 00:00 0 
7f80f9b70000-7f80f9b73000 ---p 00000000 00:00 0 
7f80f9b73000-7f80f9c71000 rw-p 00000000 00:00 0 
7f80f9c71000-7f80f9c74000 ---p 00000000 00:00 0 
7f80f9c74000-7f80f9d72000 rw-p 00000000 00:00 0 
7f80f9d72000-7f80f9d75000 ---p 00000000 00:00 0 
7f80f9d75000-7f80f9e73000 rw-p 00000000 00:00 0 
7f80f9e73000-7f80f9e78000 r-xp 00000000 08:11 662711                     /usr/lib/x86_64-linux-gnu/libXfixes.so.3.1.0
7f80f9e78000-7f80fa077000 ---p 00005000 08:11 662711                     /usr/lib/x86_64-linux-gnu/libXfixes.so.3.1.0
7f80fa077000-7f80fa078000 r--p 00004000 08:11 662711                     /usr/lib/x86_64-linux-gnu/libXfixes.so.3.1.0
7f80fa078000-7f80fa079000 rw-p 00005000 08:11 662711                     /usr/lib/x86_64-linux-gnu/libXfixes.so.3.1.0
7f80fa079000-7f80fa082000 r-xp 00000000 08:11 662703                     /usr/lib/x86_64-linux-gnu/libXcursor.so.1.0.2
7f80fa082000-7f80fa281000 ---p 00009000 08:11 662703                     /usr/lib/x86_64-linux-gnu/libXcursor.so.1.0.2
7f80fa281000-7f80fa282000 r--p 00008000 08:11 662703                     /usr/lib/x86_64-linux-gnu/libXcursor.so.1.0.2
7f80fa282000-7f80fa283000 rw-p 00009000 08:11 662703                     /usr/lib/x86_64-linux-gnu/libXcursor.so.1.0.2
7f80fa283000-7f80fa286000 ---p 00000000 00:00 0 
7f80fa286000-7f80fa384000 rw-p 00000000 00:00 0 
7f80fa384000-7f80fa39a000 r-xp 00000000 08:11 266213                     /lib/x86_64-linux-gnu/libgcc_s.so.1
7f80fa39a000-7f80fa599000 ---p 00016000 08:11 266213                     /lib/x86_64-linux-gnu/libgcc_s.so.1
7f80fa599000-7f80fa59a000 rw-p 00015000 08:11 266213                     /lib/x86_64-linux-gnu/libgcc_s.so.1
7f80fa59a000-7f80fa5ff000 r-xp 00000000 08:11 936652                     /usr/lib/jvm/java-8-oracle/jre/lib/amd64/libfontmanager.so
7f80fa5ff000-7f80fa7fe000 ---p 00065000 08:11 936652                     /usr/lib/jvm/java-8-oracle/jre/lib/amd64/libfontmanager.so
7f80fa7fe000-7f80fa803000 rw-p 00064000 08:11 936652                     /usr/lib/jvm/java-8-oracle/jre/lib/amd64/libfontmanager.so
7f80fa803000-7f80fa813000 rw-p 00000000 00:00 0 
7f80fa813000-7f80fa816000 ---p 00000000 00:00 0 
7f80fa816000-7f80fa914000 rw-p 00000000 00:00 0 
7f80fa914000-7f80fa917000 ---p 00000000 00:00 0 
7f80fa917000-7f80faa15000 rw-p 00000000 00:00 0 
7f80faa15000-7f80faa18000 ---p 00000000 00:00 0 
7f80faa18000-7f80fab16000 rw-p 00000000 00:00 0 
7f80fab16000-7f80fab19000 ---p 00000000 00:00 0 
7f80fab19000-7f80fac17000 rw-p 00000000 00:00 0 
7f80fac17000-7f80fac1c000 r-xp 00000000 08:11 662707                     /usr/lib/x86_64-linux-gnu/libXdmcp.so.6.0.0
7f80fac1c000-7f80fae1b000 ---p 00005000 08:11 662707                     /usr/lib/x86_64-linux-gnu/libXdmcp.so.6.0.0
7f80fae1b000-7f80fae1c000 r--p 00004000 08:11 662707                     /usr/lib/x86_64-linux-gnu/libXdmcp.so.6.0.0
7f80fae1c000-7f80fae1d000 rw-p 00005000 08:11 662707                     /usr/lib/x86_64-linux-gnu/libXdmcp.so.6.0.0
7f80fae1d000-7f80fae1f000 r-xp 00000000 08:11 662696                     /usr/lib/x86_64-linux-gnu/libXau.so.6.0.0
7f80fae1f000-7f80fb01f000 ---p 00002000 08:11 662696                     /usr/lib/x86_64-linux-gnu/libXau.so.6.0.0
7f80fb01f000-7f80fb020000 r--p 00002000 08:11 662696                     /usr/lib/x86_64-linux-gnu/libXau.so.6.0.0
7f80fb020000-7f80fb021000 rw-p 00003000 08:11 662696                     /usr/lib/x86_64-linux-gnu/libXau.so.6.0.0
7f80fb021000-7f80fb03e000 r-xp 00000000 08:11 663688                     /usr/lib/x86_64-linux-gnu/libxcb.so.1.1.0
7f80fb03e000-7f80fb23e000 ---p 0001d000 08:11 663688                     /usr/lib/x86_64-linux-gnu/libxcb.so.1.1.0
7f80fb23e000-7f80fb23f000 r--p 0001d000 08:11 663688                     /usr/lib/x86_64-linux-gnu/libxcb.so.1.1.0
7f80fb23f000-7f80fb240000 rw-p 0001e000 08:11 663688                     /usr/lib/x86_64-linux-gnu/libxcb.so.1.1.0
7f80fb240000-7f80fb24f000 r-xp 00000000 08:11 662717                     /usr/lib/x86_64-linux-gnu/libXi.so.6.1.0
7f80fb24f000-7f80fb44e000 ---p 0000f000 08:11 662717                     /usr/lib/x86_64-linux-gnu/libXi.so.6.1.0
7f80fb44e000-7f80fb44f000 r--p 0000e000 08:11 662717                     /usr/lib/x86_64-linux-gnu/libXi.so.6.1.0
7f80fb44f000-7f80fb450000 rw-p 0000f000 08:11 662717                     /usr/lib/x86_64-linux-gnu/libXi.so.6.1.0
7f80fb450000-7f80fb455000 r-xp 00000000 08:11 662735                     /usr/lib/x86_64-linux-gnu/libXtst.so.6.1.0
7f80fb455000-7f80fb654000 ---p 00005000 08:11 662735                     /usr/lib/x86_64-linux-gnu/libXtst.so.6.1.0
7f80fb654000-7f80fb655000 r--p 00004000 08:11 662735                     /usr/lib/x86_64-linux-gnu/libXtst.so.6.1.0
7f80fb655000-7f80fb656000 rw-p 00005000 08:11 662735                     /usr/lib/x86_64-linux-gnu/libXtst.so.6.1.0
7f80fb656000-7f80fb65f000 r-xp 00000000 08:11 662729                     /usr/lib/x86_64-linux-gnu/libXrender.so.1.3.0
7f80fb65f000-7f80fb85e000 ---p 00009000 08:11 662729                     /usr/lib/x86_64-linux-gnu/libXrender.so.1.3.0
7f80fb85e000-7f80fb85f000 r--p 00008000 08:11 662729                     /usr/lib/x86_64-linux-gnu/libXrender.so.1.3.0
7f80fb85f000-7f80fb860000 rw-p 00009000 08:11 662729                     /usr/lib/x86_64-linux-gnu/libXrender.so.1.3.0
7f80fb860000-7f80fb990000 r-xp 00000000 08:11 662692                     /usr/lib/x86_64-linux-gnu/libX11.so.6.3.0
7f80fb990000-7f80fbb90000 ---p 00130000 08:11 662692                     /usr/lib/x86_64-linux-gnu/libX11.so.6.3.0
7f80fbb90000-7f80fbb91000 r--p 00130000 08:11 662692                     /usr/lib/x86_64-linux-gnu/libX11.so.6.3.0
7f80fbb91000-7f80fbb95000 rw-p 00131000 08:11 662692                     /usr/lib/x86_64-linux-gnu/libX11.so.6.3.0
7f80fbb95000-7f80fbba6000 r-xp 00000000 08:11 662709                     /usr/lib/x86_64-linux-gnu/libXext.so.6.4.0
7f80fbba6000-7f80fbda5000 ---p 00011000 08:11 662709                     /usr/lib/x86_64-linux-gnu/libXext.so.6.4.0
7f80fbda5000-7f80fbda6000 r--p 00010000 08:11 662709                     /usr/lib/x86_64-linux-gnu/libXext.so.6.4.0
7f80fbda6000-7f80fbda7000 rw-p 00011000 08:11 662709                     /usr/lib/x86_64-linux-gnu/libXext.so.6.4.0
7f80fbda7000-7f80fbdfb000 r-xp 00000000 08:11 936662                     /usr/lib/jvm/java-8-oracle/jre/lib/amd64/libawt_xawt.so
7f80fbdfb000-7f80fbffb000 ---p 00054000 08:11 936662                     /usr/lib/jvm/java-8-oracle/jre/lib/amd64/libawt_xawt.so
7f80fbffb000-7f80fbfff000 rw-p 00054000 08:11 936662                     /usr/lib/jvm/java-8-oracle/jre/lib/amd64/libawt_xawt.so
7f80fbfff000-7f80fc000000 rw-p 00000000 00:00 0 
7f80fc000000-7f80fc021000 rw-p 00000000 00:00 0 
7f80fc021000-7f8100000000 ---p 00000000 00:00 0 
7f8100000000-7f81002b4000 rw-p 00000000 00:00 0 
7f81002b4000-7f8104000000 ---p 00000000 00:00 0 
7f8104000000-7f8104021000 rw-p 00000000 00:00 0 
7f8104021000-7f8108000000 ---p 00000000 00:00 0 
7f8108000000-7f810800d000 r--s 00000000 08:11 402982                     /var/cache/fontconfig/089dead882dea3570ffc31a9898cfb69-le64.cache-4
7f810800d000-7f810801a000 r--s 00000000 08:11 401264                     /var/cache/fontconfig/e13b20fdb08344e0e664864cc2ede53d-le64.cache-4
7f810801a000-7f810802d000 r--s 00344000 08:11 936457                     /usr/lib/jvm/java-8-oracle/jre/lib/resources.jar
7f810802d000-7f8108030000 ---p 00000000 00:00 0 
7f8108030000-7f810812e000 rw-p 00000000 00:00 0 
7f810812e000-7f8108151000 r--p 00000000 08:11 1055911                    /usr/share/locale-langpack/it/LC_MESSAGES/libc.mo
7f8108151000-7f81081f3000 r-xp 00000000 08:11 936586                     /usr/lib/jvm/java-8-oracle/jre/lib/amd64/libawt.so
7f81081f3000-7f81083f3000 ---p 000a2000 08:11 936586                     /usr/lib/jvm/java-8-oracle/jre/lib/amd64/libawt.so
7f81083f3000-7f81083ff000 rw-p 000a2000 08:11 936586                     /usr/lib/jvm/java-8-oracle/jre/lib/amd64/libawt.so
7f81083ff000-7f8108423000 rw-p 00000000 00:00 0 
7f8108423000-7f8108426000 ---p 00000000 00:00 0 
7f8108426000-7f8108524000 rw-p 00000000 00:00 0 
7f8108524000-7f8108527000 ---p 00000000 00:00 0 
7f8108527000-7f8108625000 rw-p 00000000 00:00 0 
7f8108625000-7f8108628000 ---p 00000000 00:00 0 
7f8108628000-7f8108726000 rw-p 00000000 00:00 0 
7f8108726000-7f8108758000 r--s 00217000 08:11 140898                     /home/federico/.m2/repository/net/bytebuddy/byte-buddy/1.4.3/byte-buddy-1.4.3.jar
7f8108758000-7f810876e000 r--s 000a7000 08:11 1591853                    /home/federico/.m2/repository/org/mockito/mockito-core/2.0.71-beta/mockito-core-2.0.71-beta.jar
7f810876e000-7f810879f000 rw-p 00000000 00:00 0 
7f810879f000-7f81087b5000 r-xp 00000000 08:11 936668                     /usr/lib/jvm/java-8-oracle/jre/lib/amd64/libnet.so
7f81087b5000-7f81089b5000 ---p 00016000 08:11 936668                     /usr/lib/jvm/java-8-oracle/jre/lib/amd64/libnet.so
7f81089b5000-7f81089b6000 rw-p 00016000 08:11 936668                     /usr/lib/jvm/java-8-oracle/jre/lib/amd64/libnet.so
7f81089b6000-7f81089d2000 r--s 00393000 08:11 936681                     /usr/lib/jvm/java-8-oracle/jre/lib/ext/cldrdata.jar
7f81089d2000-7f81089d3000 ---p 00000000 00:00 0 
7f81089d3000-7f8108ad3000 rw-p 00000000 00:00 0 
7f8108ad3000-7f8108ad6000 ---p 00000000 00:00 0 
7f8108ad6000-7f8108bd4000 rw-p 00000000 00:00 0 
7f8108bd4000-7f8108bd7000 ---p 00000000 00:00 0 
7f8108bd7000-7f8108cd5000 rw-p 00000000 00:00 0 
7f8108cd5000-7f8108cd8000 ---p 00000000 00:00 0 
7f8108cd8000-7f8108dd6000 rw-p 00000000 00:00 0 
7f8108dd6000-7f8108dd9000 ---p 00000000 00:00 0 
7f8108dd9000-7f8108ed7000 rw-p 00000000 00:00 0 
7f8108ed7000-7f8108eda000 ---p 00000000 00:00 0 
7f8108eda000-7f8108fd8000 rw-p 00000000 00:00 0 
7f8108fd8000-7f810a8d0000 r--p 00000000 08:11 658472                     /usr/lib/locale/locale-archive
7f810a8d0000-7f810a8d3000 ---p 00000000 00:00 0 
7f810a8d3000-7f810a9d1000 rw-p 00000000 00:00 0 
7f810a9d1000-7f810a9d4000 ---p 00000000 00:00 0 
7f810a9d4000-7f810aad2000 rw-p 00000000 00:00 0 
7f810aad2000-7f810aad3000 ---p 00000000 00:00 0 
7f810aad3000-7f810c000000 rw-p 00000000 00:00 0 
7f810c000000-7f810c021000 rw-p 00000000 00:00 0 
7f810c021000-7f8110000000 ---p 00000000 00:00 0 
7f8110000000-7f8110001000 r--s 00000000 08:11 394893                     /var/cache/fontconfig/0b3f2427388044a01a5738fa4b8cc9d1-le64.cache-4
7f8110001000-7f8110374000 rw-p 00000000 00:00 0 
7f8110374000-7f811054d000 r--s 03d1f000 08:11 939080                     /usr/lib/jvm/java-8-oracle/jre/lib/rt.jar
7f811054d000-7f81136e7000 rw-p 00000000 00:00 0 
7f81136e7000-7f81136e8000 ---p 00000000 00:00 0 
7f81136e8000-7f81137e8000 rw-p 00000000 00:00 0 
7f81137e8000-7f81137e9000 ---p 00000000 00:00 0 
7f81137e9000-7f81138e9000 rw-p 00000000 00:00 0 
7f81138e9000-7f81138ea000 ---p 00000000 00:00 0 
7f81138ea000-7f81139ea000 rw-p 00000000 00:00 0 
7f81139ea000-7f81139eb000 ---p 00000000 00:00 0 
7f81139eb000-7f8113c19000 rw-p 00000000 00:00 0 
7f8113c19000-7f8113cd9000 ---p 00000000 00:00 0 
7f8113cd9000-7f8113e07000 rw-p 00000000 00:00 0 
7f8113e07000-7f8113ec6000 ---p 00000000 00:00 0 
7f8113ec6000-7f8113fbd000 rw-p 00000000 00:00 0 
7f8113fbd000-7f8113fd4000 rw-p 00000000 00:00 0 
7f8113fd4000-7f811437e000 ---p 00000000 00:00 0 
7f811437e000-7f81148ee000 rwxp 00000000 00:00 0 
7f81148ee000-7f812337e000 ---p 00000000 00:00 0 
7f812337e000-7f8123398000 r-xp 00000000 08:11 936624                     /usr/lib/jvm/java-8-oracle/jre/lib/amd64/libzip.so
7f8123398000-7f8123598000 ---p 0001a000 08:11 936624                     /usr/lib/jvm/java-8-oracle/jre/lib/amd64/libzip.so
7f8123598000-7f8123599000 rw-p 0001a000 08:11 936624                     /usr/lib/jvm/java-8-oracle/jre/lib/amd64/libzip.so
7f8123599000-7f81235a3000 r-xp 00000000 08:11 279553                     /lib/x86_64-linux-gnu/libnss_files-2.19.so
7f81235a3000-7f81237a2000 ---p 0000a000 08:11 279553                     /lib/x86_64-linux-gnu/libnss_files-2.19.so
7f81237a2000-7f81237a3000 r--p 00009000 08:11 279553                     /lib/x86_64-linux-gnu/libnss_files-2.19.so
7f81237a3000-7f81237a4000 rw-p 0000a000 08:11 279553                     /lib/x86_64-linux-gnu/libnss_files-2.19.so
7f81237a4000-7f81237af000 r-xp 00000000 08:11 279529                     /lib/x86_64-linux-gnu/libnss_nis-2.19.so
7f81237af000-7f81239ae000 ---p 0000b000 08:11 279529                     /lib/x86_64-linux-gnu/libnss_nis-2.19.so
7f81239ae000-7f81239af000 r--p 0000a000 08:11 279529                     /lib/x86_64-linux-gnu/libnss_nis-2.19.so
7f81239af000-7f81239b0000 rw-p 0000b000 08:11 279529                     /lib/x86_64-linux-gnu/libnss_nis-2.19.so
7f81239b0000-7f81239c7000 r-xp 00000000 08:11 279525                     /lib/x86_64-linux-gnu/libnsl-2.19.so
7f81239c7000-7f8123bc6000 ---p 00017000 08:11 279525                     /lib/x86_64-linux-gnu/libnsl-2.19.so
7f8123bc6000-7f8123bc7000 r--p 00016000 08:11 279525                     /lib/x86_64-linux-gnu/libnsl-2.19.so
7f8123bc7000-7f8123bc8000 rw-p 00017000 08:11 279525                     /lib/x86_64-linux-gnu/libnsl-2.19.so
7f8123bc8000-7f8123bca000 rw-p 00000000 00:00 0 
7f8123bca000-7f8123bd3000 r-xp 00000000 08:11 279524                     /lib/x86_64-linux-gnu/libnss_compat-2.19.so
7f8123bd3000-7f8123dd2000 ---p 00009000 08:11 279524                     /lib/x86_64-linux-gnu/libnss_compat-2.19.so
7f8123dd2000-7f8123dd3000 r--p 00008000 08:11 279524                     /lib/x86_64-linux-gnu/libnss_compat-2.19.so
7f8123dd3000-7f8123dd4000 rw-p 00009000 08:11 279524                     /lib/x86_64-linux-gnu/libnss_compat-2.19.so
7f8123dd4000-7f8123dfe000 r-xp 00000000 08:11 936600                     /usr/lib/jvm/java-8-oracle/jre/lib/amd64/libjava.so
7f8123dfe000-7f8123ffe000 ---p 0002a000 08:11 936600                     /usr/lib/jvm/java-8-oracle/jre/lib/amd64/libjava.so
7f8123ffe000-7f8124000000 rw-p 0002a000 08:11 936600                     /usr/lib/jvm/java-8-oracle/jre/lib/amd64/libjava.so
7f8124000000-7f81244e1000 rw-p 00000000 00:00 0 
7f81244e1000-7f8128000000 ---p 00000000 00:00 0 
7f8128000000-7f8128001000 r--s 00000000 08:11 394892                     /var/cache/fontconfig/0941b6d3777f1e64883d36fd6d84a52f-le64.cache-4
7f8128001000-7f8128003000 r--s 00000000 08:11 394936                     /var/cache/fontconfig/e8d703157d3641d20c7e900be2e8d091-le64.cache-4
7f8128003000-7f8128008000 r--s 00000000 08:11 394923                     /var/cache/fontconfig/b25010134a2e462c779c1c1d5ccbff7b-le64.cache-4
7f8128008000-7f812804a000 rw-p 00000000 00:00 0 
7f812804a000-7f8128057000 r-xp 00000000 08:11 936582                     /usr/lib/jvm/java-8-oracle/jre/lib/amd64/libverify.so
7f8128057000-7f8128257000 ---p 0000d000 08:11 936582                     /usr/lib/jvm/java-8-oracle/jre/lib/amd64/libverify.so
7f8128257000-7f8128259000 rw-p 0000d000 08:11 936582                     /usr/lib/jvm/java-8-oracle/jre/lib/amd64/libverify.so
7f8128259000-7f8128260000 r-xp 00000000 08:11 279535                     /lib/x86_64-linux-gnu/librt-2.19.so
7f8128260000-7f812845f000 ---p 00007000 08:11 279535                     /lib/x86_64-linux-gnu/librt-2.19.so
7f812845f000-7f8128460000 r--p 00006000 08:11 279535                     /lib/x86_64-linux-gnu/librt-2.19.so
7f8128460000-7f8128461000 rw-p 00007000 08:11 279535                     /lib/x86_64-linux-gnu/librt-2.19.so
7f8128461000-7f8128566000 r-xp 00000000 08:11 279445                     /lib/x86_64-linux-gnu/libm-2.19.so
7f8128566000-7f8128765000 ---p 00105000 08:11 279445                     /lib/x86_64-linux-gnu/libm-2.19.so
7f8128765000-7f8128766000 r--p 00104000 08:11 279445                     /lib/x86_64-linux-gnu/libm-2.19.so
7f8128766000-7f8128767000 rw-p 00105000 08:11 279445                     /lib/x86_64-linux-gnu/libm-2.19.so
7f8128767000-7f8129427000 r-xp 00000000 08:11 936645                     /usr/lib/jvm/java-8-oracle/jre/lib/amd64/server/libjvm.so
7f8129427000-7f8129627000 ---p 00cc0000 08:11 936645                     /usr/lib/jvm/java-8-oracle/jre/lib/amd64/server/libjvm.so
7f8129627000-7f81296ff000 rw-p 00cc0000 08:11 936645                     /usr/lib/jvm/java-8-oracle/jre/lib/amd64/server/libjvm.so
7f81296ff000-7f812974a000 rw-p 00000000 00:00 0 
7f812974a000-7f8129904000 r-xp 00000000 08:11 279550                     /lib/x86_64-linux-gnu/libc-2.19.so
7f8129904000-7f8129b04000 ---p 001ba000 08:11 279550                     /lib/x86_64-linux-gnu/libc-2.19.so
7f8129b04000-7f8129b08000 r--p 001ba000 08:11 279550                     /lib/x86_64-linux-gnu/libc-2.19.so
7f8129b08000-7f8129b0a000 rw-p 001be000 08:11 279550                     /lib/x86_64-linux-gnu/libc-2.19.so
7f8129b0a000-7f8129b0f000 rw-p 00000000 00:00 0 
7f8129b0f000-7f8129b12000 r-xp 00000000 08:11 279447                     /lib/x86_64-linux-gnu/libdl-2.19.so
7f8129b12000-7f8129d11000 ---p 00003000 08:11 279447                     /lib/x86_64-linux-gnu/libdl-2.19.so
7f8129d11000-7f8129d12000 r--p 00002000 08:11 279447                     /lib/x86_64-linux-gnu/libdl-2.19.so
7f8129d12000-7f8129d13000 rw-p 00003000 08:11 279447                     /lib/x86_64-linux-gnu/libdl-2.19.so
7f8129d13000-7f8129d28000 r-xp 00000000 08:11 1070838                    /usr/lib/jvm/java-8-oracle/lib/amd64/jli/libjli.so
7f8129d28000-7f8129f28000 ---p 00015000 08:11 1070838                    /usr/lib/jvm/java-8-oracle/lib/amd64/jli/libjli.so
7f8129f28000-7f8129f29000 rw-p 00015000 08:11 1070838                    /usr/lib/jvm/java-8-oracle/lib/amd64/jli/libjli.so
7f8129f29000-7f8129f42000 r-xp 00000000 08:11 279526                     /lib/x86_64-linux-gnu/libpthread-2.19.so
7f8129f42000-7f812a141000 ---p 00019000 08:11 279526                     /lib/x86_64-linux-gnu/libpthread-2.19.so
7f812a141000-7f812a142000 r--p 00018000 08:11 279526                     /lib/x86_64-linux-gnu/libpthread-2.19.so
7f812a142000-7f812a143000 rw-p 00019000 08:11 279526                     /lib/x86_64-linux-gnu/libpthread-2.19.so
7f812a143000-7f812a147000 rw-p 00000000 00:00 0 
7f812a147000-7f812a16a000 r-xp 00000000 08:11 279527                     /lib/x86_64-linux-gnu/ld-2.19.so
7f812a16a000-7f812a16c000 r--s 00000000 08:11 394912                     /var/cache/fontconfig/6a6dfed4a7d1e4367ef225093de82110-le64.cache-4
7f812a16c000-7f812a16d000 r--s 00000000 08:11 394895                     /var/cache/fontconfig/0c9eb80ebd1c36541ebe2852d3bb0c49-le64.cache-4
7f812a16d000-7f812a171000 r--s 00000000 08:11 407969                     /var/cache/fontconfig/7ef2298fde41cc6eeb7af42e48b7d293-le64.cache-4
7f812a171000-7f812a178000 r--s 00000000 08:11 806682                     /usr/lib/x86_64-linux-gnu/gconv/gconv-modules.cache
7f812a178000-7f812a17f000 r--s 00094000 08:11 1213429                    /home/federico/.m2/repository/org/jdesktop/beansbinding/1.2.1/beansbinding-1.2.1.jar
7f812a17f000-7f812a240000 rw-p 00000000 00:00 0 
7f812a240000-7f812a243000 ---p 00000000 00:00 0 
7f812a243000-7f812a345000 rw-p 00000000 00:00 0 
7f812a345000-7f812a346000 r--s 00000000 08:11 394891                     /var/cache/fontconfig/0506017f1240826ed812c3e90c95875e-le64.cache-4
7f812a346000-7f812a34a000 r--s 00000000 08:11 1178353                    /home/federico/.cache/fontconfig/3131276916df6e457d51ea4b5ddf09a6-le64.cache-4
7f812a34a000-7f812a34b000 r--s 00000000 08:11 1213427                    /home/federico/.m2/repository/unknown/binary/AbsoluteLayout/SNAPSHOT/AbsoluteLayout-SNAPSHOT.jar
7f812a34b000-7f812a34d000 r--s 0000b000 08:11 22563                      /home/federico/.m2/repository/org/objenesis/objenesis/2.4/objenesis-2.4.jar
7f812a34d000-7f812a34f000 r--s 0000b000 08:11 1195134                    /home/federico/.m2/repository/org/json/json/20160212/json-20160212.jar
7f812a34f000-7f812a353000 r--s 00097000 08:11 936574                     /usr/lib/jvm/java-8-oracle/jre/lib/jsse.jar
7f812a353000-7f812a35d000 r--s 00116000 08:11 936690                     /usr/lib/jvm/java-8-oracle/jre/lib/ext/localedata.jar
7f812a35d000-7f812a365000 rw-s 00000000 00:15 82706                      /tmp/hsperfdata_federico/12140
7f812a365000-7f812a366000 rw-p 00000000 00:00 0 
7f812a366000-7f812a367000 ---p 00000000 00:00 0 
7f812a367000-7f812a369000 rw-p 00000000 00:00 0 
7f812a369000-7f812a36a000 r--p 00022000 08:11 279527                     /lib/x86_64-linux-gnu/ld-2.19.so
7f812a36a000-7f812a36b000 rw-p 00023000 08:11 279527                     /lib/x86_64-linux-gnu/ld-2.19.so
7f812a36b000-7f812a36c000 rw-p 00000000 00:00 0 
7ffdd97ea000-7ffdd980b000 rw-p 00000000 00:00 0                          [stack]
7ffdd9859000-7ffdd985b000 r--p 00000000 00:00 0                          [vvar]
7ffdd985b000-7ffdd985d000 r-xp 00000000 00:00 0                          [vdso]
ffffffffff600000-ffffffffff601000 r-xp 00000000 00:00 0                  [vsyscall]

VM Arguments:
java_command: it.polimi.ingsw.ps14.client.Client
java_class_path (initial): /home/federico/git/counciloffour/target/classes:/home/federico/.m2/repository/org/json/json/20160212/json-20160212.jar:/home/federico/.m2/repository/org/mockito/mockito-core/2.0.71-beta/mockito-core-2.0.71-beta.jar:/home/federico/.m2/repository/net/bytebuddy/byte-buddy/1.4.3/byte-buddy-1.4.3.jar:/home/federico/.m2/repository/org/objenesis/objenesis/2.4/objenesis-2.4.jar:/home/federico/.m2/repository/unknown/binary/AbsoluteLayout/SNAPSHOT/AbsoluteLayout-SNAPSHOT.jar:/home/federico/.m2/repository/org/jdesktop/beansbinding/1.2.1/beansbinding-1.2.1.jar
Launcher Type: SUN_STANDARD

Environment Variables:
JAVA_HOME=/usr/lib/jvm/java-8-oracle
PATH=/home/federico/.dropbox-bin:/usr/local/sbin:/usr/local/bin:/usr/sbin:/usr/bin:/sbin:/bin:/usr/games:/usr/local/games:/usr/lib/jvm/java-8-oracle/bin:/usr/lib/jvm/java-8-oracle/db/bin:/usr/lib/jvm/java-8-oracle/jre/bin
LD_LIBRARY_PATH=/usr/lib/jvm/java-8-oracle/jre/lib/amd64:/usr/lib/jvm/java-8-oracle/jre/lib/i386:
SHELL=/bin/bash
DISPLAY=:0

Signal Handlers:
SIGSEGV: [libjvm.so+0xabca10], sa_mask[0]=11111111011111111101111111111110, sa_flags=SA_RESTART|SA_SIGINFO
SIGBUS: [libjvm.so+0xabca10], sa_mask[0]=11111111011111111101111111111110, sa_flags=SA_RESTART|SA_SIGINFO
SIGFPE: [libjvm.so+0x919a20], sa_mask[0]=11111111011111111101111111111110, sa_flags=SA_RESTART|SA_SIGINFO
SIGPIPE: [libjvm.so+0x919a20], sa_mask[0]=11111111011111111101111111111110, sa_flags=SA_RESTART|SA_SIGINFO
SIGXFSZ: [libjvm.so+0x919a20], sa_mask[0]=11111111011111111101111111111110, sa_flags=SA_RESTART|SA_SIGINFO
SIGILL: [libjvm.so+0x919a20], sa_mask[0]=11111111011111111101111111111110, sa_flags=SA_RESTART|SA_SIGINFO
SIGUSR1: SIG_DFL, sa_mask[0]=00000000000000000000000000000000, sa_flags=none
SIGUSR2: [libjvm.so+0x91b050], sa_mask[0]=00100000000000000000000000000000, sa_flags=SA_RESTART|SA_SIGINFO
SIGHUP: [libjvm.so+0x91c450], sa_mask[0]=11111111011111111101111111111110, sa_flags=SA_RESTART|SA_SIGINFO
SIGINT: SIG_IGN, sa_mask[0]=00000000000000000000000000000000, sa_flags=none
SIGTERM: [libjvm.so+0x91c450], sa_mask[0]=11111111011111111101111111111110, sa_flags=SA_RESTART|SA_SIGINFO
SIGQUIT: [libjvm.so+0x91c450], sa_mask[0]=11111111011111111101111111111110, sa_flags=SA_RESTART|SA_SIGINFO


---------------  S Y S T E M  ---------------

OS:DISTRIB_ID="elementary OS"
DISTRIB_RELEASE=0.3.2
DISTRIB_CODENAME=freya
DISTRIB_DESCRIPTION="elementary OS Freya"

uname:Linux 3.19.0-61-generic #69~14.04.1-Ubuntu SMP Thu Jun 9 09:09:13 UTC 2016 x86_64
libc:glibc 2.19 NPTL 2.19 
rlimit: STACK 8192k, CORE 0k, NPROC 23542, NOFILE 4096, AS infinity
load average:3,78 1,29 0,69

/proc/meminfo:
MemTotal:        6057564 kB
MemFree:          164112 kB
MemAvailable:     151576 kB
Buffers:            2636 kB
Cached:           442568 kB
SwapCached:            0 kB
Active:          5312872 kB
Inactive:         375484 kB
Active(anon):    5259488 kB
Inactive(anon):   321164 kB
Active(file):      53384 kB
Inactive(file):    54320 kB
Unevictable:         208 kB
Mlocked:             208 kB
SwapTotal:             0 kB
SwapFree:              0 kB
Dirty:               184 kB
Writeback:             0 kB
AnonPages:       5243464 kB
Mapped:           180388 kB
Shmem:            337400 kB
Slab:              69984 kB
SReclaimable:      36152 kB
SUnreclaim:        33832 kB
KernelStack:       12448 kB
PageTables:        45520 kB
NFS_Unstable:          0 kB
Bounce:                0 kB
WritebackTmp:          0 kB
CommitLimit:     3028780 kB
Committed_AS:   10154564 kB
VmallocTotal:   34359738367 kB
VmallocUsed:      563476 kB
VmallocChunk:   34359167484 kB
HardwareCorrupted:     0 kB
AnonHugePages:   2797568 kB
CmaTotal:              0 kB
CmaFree:               0 kB
HugePages_Total:       0
HugePages_Free:        0
HugePages_Rsvd:        0
HugePages_Surp:        0
Hugepagesize:       2048 kB
DirectMap4k:      168192 kB
DirectMap2M:     6070272 kB


CPU:total 4 (2 cores per cpu, 2 threads per core) family 6 model 42 stepping 7, cmov, cx8, fxsr, mmx, sse, sse2, sse3, ssse3, sse4.1, sse4.2, popcnt, avx, aes, clmul, ht, tsc, tscinvbit

/proc/cpuinfo:
processor	: 0
vendor_id	: GenuineIntel
cpu family	: 6
model		: 42
model name	: Intel(R) Core(TM) i5-2430M CPU @ 2.40GHz
stepping	: 7
microcode	: 0x25
cpu MHz		: 1180.406
cache size	: 3072 KB
physical id	: 0
siblings	: 4
core id		: 0
cpu cores	: 2
apicid		: 0
initial apicid	: 0
fpu		: yes
fpu_exception	: yes
cpuid level	: 13
wp		: yes
flags		: fpu vme de pse tsc msr pae mce cx8 apic sep mtrr pge mca cmov pat pse36 clflush dts acpi mmx fxsr sse sse2 ss ht tm pbe syscall nx rdtscp lm constant_tsc arch_perfmon pebs bts rep_good nopl xtopology nonstop_tsc aperfmperf eagerfpu pni pclmulqdq dtes64 monitor ds_cpl vmx est tm2 ssse3 cx16 xtpr pdcm pcid sse4_1 sse4_2 x2apic popcnt tsc_deadline_timer aes xsave avx lahf_lm ida arat epb pln pts dtherm tpr_shadow vnmi flexpriority ept vpid xsaveopt
bugs		:
bogomips	: 4789.28
clflush size	: 64
cache_alignment	: 64
address sizes	: 36 bits physical, 48 bits virtual
power management:

processor	: 1
vendor_id	: GenuineIntel
cpu family	: 6
model		: 42
model name	: Intel(R) Core(TM) i5-2430M CPU @ 2.40GHz
stepping	: 7
microcode	: 0x25
cpu MHz		: 1816.593
cache size	: 3072 KB
physical id	: 0
siblings	: 4
core id		: 0
cpu cores	: 2
apicid		: 1
initial apicid	: 1
fpu		: yes
fpu_exception	: yes
cpuid level	: 13
wp		: yes
flags		: fpu vme de pse tsc msr pae mce cx8 apic sep mtrr pge mca cmov pat pse36 clflush dts acpi mmx fxsr sse sse2 ss ht tm pbe syscall nx rdtscp lm constant_tsc arch_perfmon pebs bts rep_good nopl xtopology nonstop_tsc aperfmperf eagerfpu pni pclmulqdq dtes64 monitor ds_cpl vmx est tm2 ssse3 cx16 xtpr pdcm pcid sse4_1 sse4_2 x2apic popcnt tsc_deadline_timer aes xsave avx lahf_lm ida arat epb pln pts dtherm tpr_shadow vnmi flexpriority ept vpid xsaveopt
bugs		:
bogomips	: 4789.28
clflush size	: 64
cache_alignment	: 64
address sizes	: 36 bits physical, 48 bits virtual
power management:

processor	: 2
vendor_id	: GenuineIntel
cpu family	: 6
model		: 42
model name	: Intel(R) Core(TM) i5-2430M CPU @ 2.40GHz
stepping	: 7
microcode	: 0x25
cpu MHz		: 2157.937
cache size	: 3072 KB
physical id	: 0
siblings	: 4
core id		: 1
cpu cores	: 2
apicid		: 2
initial apicid	: 2
fpu		: yes
fpu_exception	: yes
cpuid level	: 13
wp		: yes
flags		: fpu vme de pse tsc msr pae mce cx8 apic sep mtrr pge mca cmov pat pse36 clflush dts acpi mmx fxsr sse sse2 ss ht tm pbe syscall nx rdtscp lm constant_tsc arch_perfmon pebs bts rep_good nopl xtopology nonstop_tsc aperfmperf eagerfpu pni pclmulqdq dtes64 monitor ds_cpl vmx est tm2 ssse3 cx16 xtpr pdcm pcid sse4_1 sse4_2 x2apic popcnt tsc_deadline_timer aes xsave avx lahf_lm ida arat epb pln pts dtherm tpr_shadow vnmi flexpriority ept vpid xsaveopt
bugs		:
bogomips	: 4789.28
clflush size	: 64
cache_alignment	: 64
address sizes	: 36 bits physical, 48 bits virtual
power management:

processor	: 3
vendor_id	: GenuineIntel
cpu family	: 6
model		: 42
model name	: Intel(R) Core(TM) i5-2430M CPU @ 2.40GHz
stepping	: 7
microcode	: 0x25
cpu MHz		: 932.437
cache size	: 3072 KB
physical id	: 0
siblings	: 4
core id		: 1
cpu cores	: 2
apicid		: 3
initial apicid	: 3
fpu		: yes
fpu_exception	: yes
cpuid level	: 13
wp		: yes
flags		: fpu vme de pse tsc msr pae mce cx8 apic sep mtrr pge mca cmov pat pse36 clflush dts acpi mmx fxsr sse sse2 ss ht tm pbe syscall nx rdtscp lm constant_tsc arch_perfmon pebs bts rep_good nopl xtopology nonstop_tsc aperfmperf eagerfpu pni pclmulqdq dtes64 monitor ds_cpl vmx est tm2 ssse3 cx16 xtpr pdcm pcid sse4_1 sse4_2 x2apic popcnt tsc_deadline_timer aes xsave avx lahf_lm ida arat epb pln pts dtherm tpr_shadow vnmi flexpriority ept vpid xsaveopt
bugs		:
bogomips	: 4789.28
clflush size	: 64
cache_alignment	: 64
address sizes	: 36 bits physical, 48 bits virtual
power management:



Memory: 4k page, physical 6057564k(163988k free), swap 0k(0k free)

vm_info: Java HotSpot(TM) 64-Bit Server VM (25.91-b14) for linux-amd64 JRE (1.8.0_91-b14), built on Apr  1 2016 00:57:21 by "java_re" with gcc 4.3.0 20080428 (Red Hat 4.3.0-8)

time: Wed Jul  6 12:25:04 2016
elapsed time: 79 seconds (0d 0h 1m 19s)

